1.148061567238412
1.1629944236798695
1.1483271875200916
1.1457115513581206
1.1460103473865075
1.1444949307846128
1.1493761732723307
1.147435810215305
1.147267584274389
1.1494519744187557
1.1562462119446923
1.149794520135571
1.1572742129348628
1.1511839160613129
1.1500498784055202
1.1507327113170989
1.1460355328265812
1.1483746853081127
1.1479566801325254
1.1427479574784978
1.1499974910673363
1.1463655800860706
1.1454745189371562
1.152342641657131
1.1468418531287048
1.1549976359664786
1.152575693860093
1.1522579077875064
1.1490859704949286
1.1503765790174947
1.1531748392774126
1.1448573742192003
1.1468039581145546
1.1497098332476867
1.1430512731208187
1.1537161075873148
1.147506278282599
1.1466298845010627
1.1437144747649555
1.1493479196660594
1.1464426660746654
1.1495043374099947
1.1432594622118613
1.1429535302433533
1.1513116725320325
1.1442216642373904
1.1484648539661715
1.1483570507061096
1.1530774233783454
1.1561997063004208
1.1517844489359432
1.1458327354424342
1.1454408295095848
1.143851443991394
1.1466117428640683
1.143451969521928
1.1495680801143513
1.1528436683507308
1.1452487283027912
1.1426667515160156
1.1458801427659593
1.153487133165569
1.1532813046479642
1.1469097454003967
1.150718913399254
1.1524311794941646
1.1461999609919917
1.1554250844026672
1.148531072355556
1.1468037862346017
1.1494793967653958
1.1469301680065709
1.1488130250041297
1.1547422351040701
1.1536750640037092
1.14924760425513
1.1480311572946686
1.1495908395084198
1.146734314141385
1.1570446310775646
1.148616742480671
1.1523195767858017
1.1492066667394287
1.1528457429919923
1.1516238161885757
1.1556360814774884
1.1449525066377089
1.163094493845483
1.1513929375954852
1.1444764379643528
1.1466186030131684
1.1452129711582923
1.151125553698996
1.1483645024184823
1.1486836485036322
1.1472889763544798
1.147315868798075
1.1517641932019091
1.1469194778906828
1.14689227319459
