1.1538356324297843
1.1440365766945246
1.1485701272536242
1.14757136243626
1.1560568357582763
1.148965702369755
1.1519304527690772
1.1502151023823965
1.1479756981278078
1.152272175710753
1.1480211089358465
1.159629615414509
1.1481466818946708
1.1478722827371215
1.1549099575584594
1.1543694513297724
1.144807997434718
1.1523127149500443
1.1481149866227596
1.1471707868158008
1.152419286087761
1.1462978226556162
1.146590447827358
1.1444426529091303
1.1498741692086765
1.154539878824484
1.1496093878741411
1.1476914988641345
1.1479046935457347
1.1545084595103767
1.146905082098786
1.152287972870244
1.1456660225389683
1.1551693297514032
1.1486532725299314
1.154068263077952
1.157519448546673
1.14943527593749
1.142875185194254
1.1484183549481586
1.1496715044831551
1.1441964896615333
1.1483220668226986
1.152010887386479
1.1460021546632293
1.1493778847881755
1.148227765901613
1.148269397895652
1.150961082925647
1.1584575656787288
1.1593989971982928
1.1414389342206674
1.150756019945353
1.1507055441911542
1.1436164706877558
1.147118640038027
1.1467758623870243
1.1566853680226057
1.1495584674736623
1.1506316033261055
1.1493046923556947
1.151979546812405
1.1581072531083672
1.145327641194929
1.1548094758908813
1.1470481266572032
1.1546247118787332
1.149376668271093
1.150141684934066
1.1531259051815619
1.14833602326314
1.1483034442507078
1.1549923309401935
1.1610082535915025
1.1541872294711217
1.149772354880551
1.151041654242044
1.1560441631527691
1.1538356324297843
1.1440365766945246
1.1485701272536242
1.14757136243626
1.1560568357582763
1.148965702369755
1.1519304527690772
1.1502151023823965
1.1479756981278078
1.152272175710753
1.1480211089358465
1.159629615414509
1.1481466818946708
1.1478722827371215
1.1549099575584594
1.1543694513297724
1.144807997434718
1.1523127149500443
1.1481149866227596
1.1471707868158008
1.152419286087761
1.1462978226556162
1.146590447827358
1.1444426529091303
1.1498741692086765
1.154539878824484
1.1496093878741411
1.1476914988641345
1.1479046935457347
1.1545084595103767
1.146905082098786
1.152287972870244
1.1456660225389683
1.1551693297514032
1.1486532725299314
1.154068263077952
1.157519448546673
1.14943527593749
1.142875185194254
1.1484183549481586
1.1496715044831551
1.1441964896615333
1.1483220668226986
1.152010887386479
1.1460021546632293
1.1493778847881755
1.148227765901613
1.148269397895652
1.150961082925647
1.1584575656787288
1.1593989971982928
1.1414389342206674
1.150756019945353
1.1507055441911542
1.1436164706877558
1.147118640038027
1.1467758623870243
1.1566853680226057
1.1495584674736623
1.1506316033261055
1.1493046923556947
1.151979546812405
1.1581072531083672
1.145327641194929
1.1548094758908813
1.1470481266572032
1.1546247118787332
1.149376668271093
1.150141684934066
1.1531259051815619
1.14833602326314
1.1483034442507078
1.1549923309401935
1.1610082535915025
1.1541872294711217
1.149772354880551
1.151041654242044
1.1560441631527691
1.155703364567081
1.1473242525302738
1.1501051672979048
1.147445230371189
1.1491123217519215
1.14607895895113
1.1486487553110059
1.1490279432212531
1.146458664166135
1.1468302793701586
1.156408070725353
1.1502167462730424
1.1453876804659882
1.1527190675131673
1.1484957915766199
1.154857108317051
1.1510857150451272
1.1518027086092277
1.1496313262390037
1.159260740467791
1.149999218750895
1.1472431221671329
