1.1450185548597156
1.1458427006639376
1.1477987503926725
1.1500191452339747
1.1457284472195914
1.152721362904909
1.1472772906524924
1.1537508602711803
1.1558356276633288
1.1551806133474976
1.1510449017105369
1.1471300736756398
1.1515408519085641
1.1536379363270388
1.1492696586195064
1.148443933638671
1.1504591687542323
1.146802129995203
1.1516153799580988
1.1473075531934225
1.144063223151641
1.1457572758652494
1.1479678788222352
1.1485207823525205
1.145060553404948
1.1471456979210524
1.1515182630436833
1.1512214694687104
1.1529145473528077
1.149681191175018
1.1475914881100657
1.1468988433684888
1.147549686512989
1.1436853005337348
1.149172128680068
1.142950072623959
1.1522877870703352
1.145255575635502
1.1429667489629847
1.1546967766430483
1.1502189511055485
1.1479435482390479
1.142138863808284
1.1483236812445303
1.1431598648572698
1.1465946748546152
1.1495689125398785
1.1481525902511753
1.1508586520975208
1.1510657446831214
1.1466312872118343
1.1488129417208064
1.1542980963681557
1.1464327915242913
1.1532212604259988
1.1519738051390551
1.1449947160671965
1.1488419510438983
1.1450725537318558
1.1536418921124538
1.1494375862343473
1.1508839796308798
1.1449184149878016
1.156577377821516
1.1584391943522674
1.1519857682564651
1.1486156298543841
1.1478341220322006
1.1503726106967502
1.1524309424201609
1.1482819484093614
1.1565884074652517
1.1463011997663413
1.1499711428096986
1.1478327817464458
1.1457218235905071
1.1588642370990052
1.1462794920432051
1.1482542793153108
1.1450220257161459
1.1399771360113118
1.1535494070897128
1.1530731762671078
1.1491042113264633
1.1462417901403208
1.1502693516899978
1.1477817147576943
1.1435533061276766
1.1602024893133809
1.146810777034232
1.1474509817137382
1.1584784230134977
1.1484725334263208
1.1519302964372033
1.1441371342777389
1.151750853863596
1.1447391552756723
1.1434910869595112
1.1672154813460016
1.1522030169967379
1.1446026872994517
1.1478095912603534
1.150710638506017
1.1521660983989575
1.1478823070107738
1.15600703565616
1.1514802426490522
1.1526759786728018
1.1515620870134948
1.1524080000839085
1.1531135639120977
1.151019299812171
1.1447549968673716
1.144636595523799
1.1503218158264181
1.146960133077055
1.1510566578678822
1.1472303514928097
1.1474950210141903
1.14548136678312
1.1493191148077817
1.1503588406198624
1.1578055002791967
1.157729066419755
1.152390356324981
1.146313236380948
1.1457358403648985
1.1503927235704823
1.1499524057254684
1.1501794625318023
1.1453949153443734
1.154867816049127
1.1538025473030262
1.1487012601795874
1.1444578270517378
1.1469155837161416
1.1631953700469788
1.147553029759276
1.1504274402106822
1.1489893358350671
1.1516648307526978
1.1466905493156627
1.1465316021801744
1.1500362461614257
1.1449562625898067
1.1469084963400231
1.146441721471686
1.1491685877672009
1.1479535171251285
1.1520316485152546
1.1462981194349453
1.151848748707152
1.1492049685410024
1.1537525917661473
1.154721469663093
1.1498594860064948
1.1493087928805847
1.1507536037523012
1.1478811910673357
1.1579643335525778
1.147269398277257
1.1479748377480246
1.146950211556629
1.1488619574926615
1.1449660851138233
1.1508644670776094
1.1481081827221946
1.1541057862019353
1.156497824988529
1.1497197726225195
1.1478970069816412
1.1546866910894624
1.1477987908924996
1.148734376591847
1.1453542147968503
1.1453857849754738
1.1532023883358755
1.1533413146596994
1.1446026872994517
1.1478095912603534
1.150710638506017
1.1521660983989575
1.1478823070107738
1.15600703565616
1.1514802426490522
1.1526759786728018
1.1515620870134948
1.1524080000839085
1.1531135639120977
1.151019299812171
1.1447549968673716
1.144636595523799
1.1503218158264181
1.146960133077055
1.1510566578678822
1.1472303514928097
1.1474950210141903
1.14548136678312
1.1493191148077817
1.1503588406198624
1.1578055002791967
1.157729066419755
1.152390356324981
1.146313236380948
1.1457358403648985
1.1503927235704823
1.1499524057254684
1.1501794625318023
1.1453949153443734
1.154867816049127
1.1538025473030262
1.1487012601795874
1.1444578270517378
1.1469155837161416
1.1631953700469788
1.147553029759276
1.1504274402106822
1.1489893358350671
1.1516648307526978
1.1466905493156627
1.1465316021801744
1.1500362461614257
1.1449562625898067
1.1469084963400231
1.146441721471686
1.1491685877672009
1.1479535171251285
1.1520316485152546
1.1462981194349453
1.151848748707152
1.1492049685410024
1.1537525917661473
1.154721469663093
1.1498594860064948
1.1493087928805847
1.1507536037523012
1.1478811910673357
1.1579643335525778
1.147269398277257
1.1479748377480246
1.146950211556629
1.1488619574926615
1.1449660851138233
1.1508644670776094
1.1481081827221946
1.1541057862019353
1.156497824988529
1.1497197726225195
1.1478970069816412
1.1546866910894624
1.1477987908924996
1.148734376591847
1.1453542147968503
1.1453857849754738
1.1532023883358755
1.1533413146596994
1.1465884389065437
1.1480105918966017
1.1477854952932824
1.1481883642702326
1.150551228458181
1.1563391219132149
1.157491620772484
1.1500136729282917
1.1492309623238677
1.1470796273312596
1.142850560696203
1.1507045508083118
1.1479833649527993
1.1433799391698556
1.1514842560092782
1.1490493037838632
1.1529993305109323
1.1528748071846762
1.1491998882881331
1.147389617703321
1.1513790228360063
1.1497713257692599
1.148061567238412
1.1629944236798695
1.1483271875200916
1.1457115513581206
1.1460103473865075
1.1444949307846128
1.1493761732723307
1.147435810215305
1.147267584274389
1.1494519744187557
1.1562462119446923
1.149794520135571
1.1572742129348628
1.1511839160613129
1.1500498784055202
1.1507327113170989
1.1460355328265812
1.1483746853081127
1.1479566801325254
1.1427479574784978
1.1499974910673363
1.1463655800860706
1.1454745189371562
1.152342641657131
1.1468418531287048
1.1549976359664786
1.152575693860093
1.1522579077875064
1.1490859704949286
1.1503765790174947
1.1531748392774126
1.1448573742192003
1.1468039581145546
1.1497098332476867
1.1430512731208187
1.1537161075873148
1.147506278282599
1.1466298845010627
1.1437144747649555
1.1493479196660594
1.1464426660746654
1.1495043374099947
1.1432594622118613
1.1429535302433533
1.1513116725320325
1.1442216642373904
1.1484648539661715
1.1483570507061096
1.1530774233783454
1.1561997063004208
1.1517844489359432
1.1458327354424342
1.1454408295095848
1.143851443991394
1.1466117428640683
1.143451969521928
1.1495680801143513
1.1528436683507308
1.1452487283027912
1.1426667515160156
1.1458801427659593
1.153487133165569
1.1532813046479642
1.1469097454003967
1.150718913399254
1.1524311794941646
1.1461999609919917
1.1554250844026672
1.148531072355556
1.1468037862346017
1.1494793967653958
1.1469301680065709
1.1488130250041297
1.1547422351040701
1.1536750640037092
1.14924760425513
1.1480311572946686
1.1495908395084198
1.146734314141385
1.1570446310775646
1.148616742480671
1.1523195767858017
1.1492066667394287
1.1528457429919923
1.1516238161885757
1.1556360814774884
1.1449525066377089
1.163094493845483
1.1513929375954852
1.1444764379643528
1.1466186030131684
1.1452129711582923
1.151125553698996
1.1483645024184823
1.1486836485036322
1.1472889763544798
1.147315868798075
1.1517641932019091
1.1469194778906828
1.14689227319459
1.1538356324297843
1.1440365766945246
1.1485701272536242
1.14757136243626
1.1560568357582763
1.148965702369755
1.1519304527690772
1.1502151023823965
1.1479756981278078
1.152272175710753
1.1480211089358465
1.159629615414509
1.1481466818946708
1.1478722827371215
1.1549099575584594
1.1543694513297724
1.144807997434718
1.1523127149500443
1.1481149866227596
1.1471707868158008
1.152419286087761
1.1462978226556162
1.146590447827358
1.1444426529091303
1.1498741692086765
1.154539878824484
1.1496093878741411
1.1476914988641345
1.1479046935457347
1.1545084595103767
1.146905082098786
1.152287972870244
1.1456660225389683
1.1551693297514032
1.1486532725299314
1.154068263077952
1.157519448546673
1.14943527593749
1.142875185194254
1.1484183549481586
1.1496715044831551
1.1441964896615333
1.1483220668226986
1.152010887386479
1.1460021546632293
1.1493778847881755
1.148227765901613
1.148269397895652
1.150961082925647
1.1584575656787288
1.1593989971982928
1.1414389342206674
1.150756019945353
1.1507055441911542
1.1436164706877558
1.147118640038027
1.1467758623870243
1.1566853680226057
1.1495584674736623
1.1506316033261055
1.1493046923556947
1.151979546812405
1.1581072531083672
1.145327641194929
1.1548094758908813
1.1470481266572032
1.1546247118787332
1.149376668271093
1.150141684934066
1.1531259051815619
1.14833602326314
1.1483034442507078
1.1549923309401935
1.1610082535915025
1.1541872294711217
1.149772354880551
1.151041654242044
1.1560441631527691
1.1538356324297843
1.1440365766945246
1.1485701272536242
1.14757136243626
1.1560568357582763
1.148965702369755
1.1519304527690772
1.1502151023823965
1.1479756981278078
1.152272175710753
1.1480211089358465
1.159629615414509
1.1481466818946708
1.1478722827371215
1.1549099575584594
1.1543694513297724
1.144807997434718
1.1523127149500443
1.1481149866227596
1.1471707868158008
1.152419286087761
1.1462978226556162
1.146590447827358
1.1444426529091303
1.1498741692086765
1.154539878824484
1.1496093878741411
1.1476914988641345
1.1479046935457347
1.1545084595103767
1.146905082098786
1.152287972870244
1.1456660225389683
1.1551693297514032
1.1486532725299314
1.154068263077952
1.157519448546673
1.14943527593749
1.142875185194254
1.1484183549481586
1.1496715044831551
1.1441964896615333
1.1483220668226986
1.152010887386479
1.1460021546632293
1.1493778847881755
1.148227765901613
1.148269397895652
1.150961082925647
1.1584575656787288
1.1593989971982928
1.1414389342206674
1.150756019945353
1.1507055441911542
1.1436164706877558
1.147118640038027
1.1467758623870243
1.1566853680226057
1.1495584674736623
1.1506316033261055
1.1493046923556947
1.151979546812405
1.1581072531083672
1.145327641194929
1.1548094758908813
1.1470481266572032
1.1546247118787332
1.149376668271093
1.150141684934066
1.1531259051815619
1.14833602326314
1.1483034442507078
1.1549923309401935
1.1610082535915025
1.1541872294711217
1.149772354880551
1.151041654242044
1.1560441631527691
1.155703364567081
1.1473242525302738
1.1501051672979048
1.147445230371189
1.1491123217519215
1.14607895895113
1.1486487553110059
1.1490279432212531
1.146458664166135
1.1468302793701586
1.156408070725353
1.1502167462730424
1.1453876804659882
1.1527190675131673
1.1484957915766199
1.154857108317051
1.1510857150451272
1.1518027086092277
1.1496313262390037
1.159260740467791
1.149999218750895
1.1472431221671329
1.1536496616826784
1.1442767874623372
1.1500944196541028
1.1555176529574438
1.1490215068338172
1.1485308817199575
1.1477453902044814
1.1447626550133985
1.152835582316564
1.1484477890393103
1.1510854552945728
1.1461621625112082
1.1432428099943948
1.1555253401266665
1.1532502364310826
1.1521721674400334
1.1560996832634445
1.1587303377793168
1.149823522399066
1.157265596839576
1.146516276477343
1.1475026176283991
1.1533850191836883
1.1559789361463275
1.149978746158242
1.1480841899218175
1.150870784493098
1.1439110923784628
1.1457617755281027
1.1449486786847582
1.1470047031053994
1.1471650546702166
1.1499888196317278
1.148539227463449
1.147157912336448
1.1483859107427279
1.1513543170101357
1.1463219885486757
1.1502005244356188
1.1525245713663363
1.1466508754527012
1.145323347442594
1.1471269162493656
1.149707542475726
1.1491640472406988
1.1502037031321608
1.153554651492216
1.1500865344357851
1.1495985142475467
1.1398207222743792
1.1537655036180636
1.1548778363478884
1.1480599954671273
1.144628708451091
1.1478365646557016
1.153102123593103
1.151246342388864
1.1481415455736441
1.1468381071095597
1.1494075230814151
1.1577310290261125
1.1425103424410836
1.1431822818887318
1.151010356966779
1.1534814213124058
1.1462245666983435
1.1434824438087365
1.1495314212608712
1.1546562902349446
1.15005023719011
1.1434767577472011
1.1529618969502076
1.1481466659829265
1.1506998437388292
1.1485120215218059
1.1491007092103875
1.1580255684661103
1.1508636490632336
1.1509599242408062
1.1504156881852257
1.1540471448053211
1.145772563490894
1.1446195260955003
1.1590152612634337
1.1491507528708707
1.140909115734188
1.1460596592166592
1.1418629056427259
1.1507415829403551
1.1501924776988934
1.14399396491304
1.1486793976089693
1.1548145540897061
1.1597196611875118
1.1574253638564942
1.1514085270569971
1.1452374393849305
1.1471808790117504
1.1502085899689942
1.1542234787166967
