1.1536496616826784
1.1442767874623372
1.1500944196541028
1.1555176529574438
1.1490215068338172
1.1485308817199575
1.1477453902044814
1.1447626550133985
1.152835582316564
1.1484477890393103
1.1510854552945728
1.1461621625112082
1.1432428099943948
1.1555253401266665
1.1532502364310826
1.1521721674400334
1.1560996832634445
1.1587303377793168
1.149823522399066
1.157265596839576
1.146516276477343
1.1475026176283991
1.1533850191836883
1.1559789361463275
1.149978746158242
1.1480841899218175
1.150870784493098
1.1439110923784628
1.1457617755281027
1.1449486786847582
1.1470047031053994
1.1471650546702166
1.1499888196317278
1.148539227463449
1.147157912336448
1.1483859107427279
1.1513543170101357
1.1463219885486757
1.1502005244356188
1.1525245713663363
1.1466508754527012
1.145323347442594
1.1471269162493656
1.149707542475726
1.1491640472406988
1.1502037031321608
1.153554651492216
1.1500865344357851
1.1495985142475467
1.1398207222743792
1.1537655036180636
1.1548778363478884
1.1480599954671273
1.144628708451091
1.1478365646557016
1.153102123593103
1.151246342388864
1.1481415455736441
1.1468381071095597
1.1494075230814151
1.1577310290261125
1.1425103424410836
1.1431822818887318
1.151010356966779
1.1534814213124058
1.1462245666983435
1.1434824438087365
1.1495314212608712
1.1546562902349446
1.15005023719011
1.1434767577472011
1.1529618969502076
1.1481466659829265
1.1506998437388292
1.1485120215218059
1.1491007092103875
1.1580255684661103
1.1508636490632336
1.1509599242408062
1.1504156881852257
1.1540471448053211
1.145772563490894
1.1446195260955003
1.1590152612634337
1.1491507528708707
1.140909115734188
1.1460596592166592
1.1418629056427259
1.1507415829403551
1.1501924776988934
1.14399396491304
1.1486793976089693
1.1548145540897061
1.1597196611875118
1.1574253638564942
1.1514085270569971
1.1452374393849305
1.1471808790117504
1.1502085899689942
1.1542234787166967
