1.1446026872994517
1.1478095912603534
1.150710638506017
1.1521660983989575
1.1478823070107738
1.15600703565616
1.1514802426490522
1.1526759786728018
1.1515620870134948
1.1524080000839085
1.1531135639120977
1.151019299812171
1.1447549968673716
1.144636595523799
1.1503218158264181
1.146960133077055
1.1510566578678822
1.1472303514928097
1.1474950210141903
1.14548136678312
1.1493191148077817
1.1503588406198624
1.1578055002791967
1.157729066419755
1.152390356324981
1.146313236380948
1.1457358403648985
1.1503927235704823
1.1499524057254684
1.1501794625318023
1.1453949153443734
1.154867816049127
1.1538025473030262
1.1487012601795874
1.1444578270517378
1.1469155837161416
1.1631953700469788
1.147553029759276
1.1504274402106822
1.1489893358350671
1.1516648307526978
1.1466905493156627
1.1465316021801744
1.1500362461614257
1.1449562625898067
1.1469084963400231
1.146441721471686
1.1491685877672009
1.1479535171251285
1.1520316485152546
1.1462981194349453
1.151848748707152
1.1492049685410024
1.1537525917661473
1.154721469663093
1.1498594860064948
1.1493087928805847
1.1507536037523012
1.1478811910673357
1.1579643335525778
1.147269398277257
1.1479748377480246
1.146950211556629
1.1488619574926615
1.1449660851138233
1.1508644670776094
1.1481081827221946
1.1541057862019353
1.156497824988529
1.1497197726225195
1.1478970069816412
1.1546866910894624
1.1477987908924996
1.148734376591847
1.1453542147968503
1.1453857849754738
1.1532023883358755
1.1533413146596994
1.1446026872994517
1.1478095912603534
1.150710638506017
1.1521660983989575
1.1478823070107738
1.15600703565616
1.1514802426490522
1.1526759786728018
1.1515620870134948
1.1524080000839085
1.1531135639120977
1.151019299812171
1.1447549968673716
1.144636595523799
1.1503218158264181
1.146960133077055
1.1510566578678822
1.1472303514928097
1.1474950210141903
1.14548136678312
1.1493191148077817
1.1503588406198624
1.1578055002791967
1.157729066419755
1.152390356324981
1.146313236380948
1.1457358403648985
1.1503927235704823
1.1499524057254684
1.1501794625318023
1.1453949153443734
1.154867816049127
1.1538025473030262
1.1487012601795874
1.1444578270517378
1.1469155837161416
1.1631953700469788
1.147553029759276
1.1504274402106822
1.1489893358350671
1.1516648307526978
1.1466905493156627
1.1465316021801744
1.1500362461614257
1.1449562625898067
1.1469084963400231
1.146441721471686
1.1491685877672009
1.1479535171251285
1.1520316485152546
1.1462981194349453
1.151848748707152
1.1492049685410024
1.1537525917661473
1.154721469663093
1.1498594860064948
1.1493087928805847
1.1507536037523012
1.1478811910673357
1.1579643335525778
1.147269398277257
1.1479748377480246
1.146950211556629
1.1488619574926615
1.1449660851138233
1.1508644670776094
1.1481081827221946
1.1541057862019353
1.156497824988529
1.1497197726225195
1.1478970069816412
1.1546866910894624
1.1477987908924996
1.148734376591847
1.1453542147968503
1.1453857849754738
1.1532023883358755
1.1533413146596994
1.1465884389065437
1.1480105918966017
1.1477854952932824
1.1481883642702326
1.150551228458181
1.1563391219132149
1.157491620772484
1.1500136729282917
1.1492309623238677
1.1470796273312596
1.142850560696203
1.1507045508083118
1.1479833649527993
1.1433799391698556
1.1514842560092782
1.1490493037838632
1.1529993305109323
1.1528748071846762
1.1491998882881331
1.147389617703321
1.1513790228360063
1.1497713257692599
