1.1450185548597156
1.1458427006639376
1.1477987503926725
1.1500191452339747
1.1457284472195914
1.152721362904909
1.1472772906524924
1.1537508602711803
1.1558356276633288
1.1551806133474976
1.1510449017105369
1.1471300736756398
1.1515408519085641
1.1536379363270388
1.1492696586195064
1.148443933638671
1.1504591687542323
1.146802129995203
1.1516153799580988
1.1473075531934225
1.144063223151641
1.1457572758652494
1.1479678788222352
1.1485207823525205
1.145060553404948
1.1471456979210524
1.1515182630436833
1.1512214694687104
1.1529145473528077
1.149681191175018
1.1475914881100657
1.1468988433684888
1.147549686512989
1.1436853005337348
1.149172128680068
1.142950072623959
1.1522877870703352
1.145255575635502
1.1429667489629847
1.1546967766430483
1.1502189511055485
1.1479435482390479
1.142138863808284
1.1483236812445303
1.1431598648572698
1.1465946748546152
1.1495689125398785
1.1481525902511753
1.1508586520975208
1.1510657446831214
1.1466312872118343
1.1488129417208064
1.1542980963681557
1.1464327915242913
1.1532212604259988
1.1519738051390551
1.1449947160671965
1.1488419510438983
1.1450725537318558
1.1536418921124538
1.1494375862343473
1.1508839796308798
1.1449184149878016
1.156577377821516
1.1584391943522674
1.1519857682564651
1.1486156298543841
1.1478341220322006
1.1503726106967502
1.1524309424201609
1.1482819484093614
1.1565884074652517
1.1463011997663413
1.1499711428096986
1.1478327817464458
1.1457218235905071
1.1588642370990052
1.1462794920432051
1.1482542793153108
1.1450220257161459
1.1399771360113118
1.1535494070897128
1.1530731762671078
1.1491042113264633
1.1462417901403208
1.1502693516899978
1.1477817147576943
1.1435533061276766
1.1602024893133809
1.146810777034232
1.1474509817137382
1.1584784230134977
1.1484725334263208
1.1519302964372033
1.1441371342777389
1.151750853863596
1.1447391552756723
1.1434910869595112
1.1672154813460016
1.1522030169967379
