1.1313792851064846
1.1313917843857981
1.1314089840756762
1.1314183009612615
1.1313889846739866
1.1313986616207505
1.1313988985046428
1.1314014144114297
1.1313965466667613
1.1314176720847622
1.1313860528490136
1.1313963930520174
1.1313951464193004
1.1313951083642153
1.1314249133797611
1.1314180552376043
1.1313930314191285
1.1314148299668447
1.1313863483223776
1.1314046235202195
1.1314112845254714
1.1314125148670078
1.1314351276683274
1.1313967437919434
1.131406755815613
1.131395039425231
1.1314242871958242
1.1313858693929832
1.1313942271975475
1.1314130432668288
1.1313968921678457
1.1313992969410014
1.1314307465091835
1.131401365863113
1.1313918531157268
1.1314023602441607
1.1313917554502066
1.1314300407978621
1.1313964080822934
1.1314119578550128
1.131389798673878
1.1313892217222454
1.1314015828981523
1.131426999221691
1.131403763301473
1.1314080361796481
1.131388307247292
1.131392758930838
