1.1313902423020699
1.1314054132347227
1.131391215506549
1.1313916283290781
1.1314260829527614
1.1314014941588464
1.1314230950051607
1.1313793685930917
1.1314073051266476
1.1314678957466
1.1314147190620458
1.1314121911794663
1.1314118972484017
1.1313891933950058
1.1313905054921947
1.131396005213715
1.131386580486443
1.131391686545775
1.131391386306989
1.1313990675864367
1.131395634122131
1.131414023609256
1.131444530876809
1.1313895190666514
1.131390121451259
1.131389160258812
1.1314398178186473
1.1314080303689416
1.1313871189823508
1.131399794890164
1.1314570904861794
1.1314092780996108
1.131391088797311
1.1313940130609645
1.131400153786062
1.1313920276867147
1.1313897904948864
1.1313989424712434
1.131392466166492
1.1313917930927837
1.1314022011130527
1.1313889602037563
1.1314158397177505
1.1313813970783086
1.1314024963256908
1.1314120124927816
1.131390674651114
1.131405279959341
