1.1313964690166785
1.1314022267922839
1.1314032168748587
1.1313973153413113
1.1313901301400422
1.1314175339808359
1.1313971508981593
1.1314016207737225
1.1313889998235729
1.1313825213716497
1.1313903578013473
1.1313975018191336
1.1313996844277923
1.1314054644446554
1.1313990849959488
1.1314170391080678
1.131389094828525
1.1314132727118136
1.1314234237787775
1.131400511443979
1.1314653932133292
1.1314065724258922
1.1314125100315446
1.1314162971292716
1.1314132756154183
1.1314010650299662
1.1314104738795603
1.131391614314277
1.1314048494175857
1.1313881651756434
1.1313932052543798
1.131406269994984
1.1314028020375326
1.1313934976506825
1.1314002503498537
1.13138821737183
1.131403207539827
1.13139628565029
1.1313965491485012
1.1314288001588606
1.131402289799465
