1.1313879712421837
1.1314015656630714
1.131382122973023
1.1313958000146707
1.1313918061579182
1.1314069431345786
1.131415461995613
1.1313997247292966
1.1314088204865604
1.1314282845985548
1.131401640324235
1.1316261672213315
1.131403105820741
1.1314156706743932
1.131397579397098
1.1314035151806288
1.1313980924704676
1.1313988118764375
1.13140456832081
1.1314372761413876
1.1313875357645957
1.1314413944267006
1.1313915730704835
1.1313894496836867
1.1313908128462424
1.1314072994713402
1.131395382618313
1.1313874239975372
1.1314003342344137
1.131382622710294
1.1313907651648898
1.1314141721438977
1.1314061271581175
1.1313820774048882
1.131411181387357
1.131390074952464
1.1313900359603482
1.131397305930351
1.131388030636187
1.131392529372889
1.1314016156028568
1.1314266590229687
1.1313881868837719
1.1314128107974688
1.1313789696746595
1.1314106574072047
1.1313876907109663
1.131400697365862
