1.1313812380593407
1.1313989490377425
1.1313940772876245
1.131407244087193
1.1314147928204026
1.1314140756275013
1.1313857336917597
1.1313835287099272
1.1314033360681155
1.1313983347629462
1.1314458822438311
1.1314006120798177
1.1313884037300455
1.131403256966917
1.131398491247313
1.131391633965002
1.1314032134606036
1.1314268675323709
1.1314202489846132
1.1313873660268747
1.1314142809774281
1.1313808252500728
1.1314074383944648
1.1314266823922339
1.1313874606842433
1.1313882959435515
1.1313965908949373
1.131386401512973
1.1314286433356664
1.1314063553066749
1.13139189076223
1.1313972539648036
1.1314055889624972
1.1313910237274138
1.1314010909860293
1.1314019837350315
1.1314139773295775
1.1313948034290084
1.1313878376771689
1.131404414374651
1.1313883896006025
1.131400864989819
1.1314014449525582
1.131403194510443
1.13138810640695
1.1313835467920998
1.1313822410715537
