1.1063167531198455 23
1.113771354246473 23
1.0960814423872303 27
1.077947992531058 28
1.071538605949012 22
1.0647587841571866 22
1.0679747365440202 24
1.0656044994747633 23
1.119265719819374 22
1.1253280021539123 24
1.1088876348375636 25
1.0987163353754292 24
1.074649035581557 23
1.101885239095662 26
1.086288924908796 23
1.0729644868051964 23
1.0865313761092548 24
1.0766858489394535 23
1.1176669278228544 22
1.0840566101707105 26
1.0860798020174562 22
1.0845763434079385 25
1.1012513202702372 27
1.075288986939143 25
1.0745769700416283 24
1.0652879740592927 24
1.081486194202041 25
1.1104398774705195 24
1.0952060062215672 22
1.1240699787396216 25
1.0828405940224208 25
1.1149086385543552 23
1.1006807979438358 23
1.0680328559617864 24
1.0731702982679838 25
1.066097597002452 24
1.1127739227669764 27
1.0760176969161703 24
1.0684528636465194 23
1.0847377418934123 24
1.0792034279337335 25
1.1009131241819434 25
1.101475825001731 22
1.1143076003639638 28
1.0684750943665444 23
1.0684611360261056 22
1.099945413276767 25
1.0973177350897343 27
1.0796223202412105 24
1.0769967695217257 25
1.0887028317043204 26
1.0834467620268677 25
1.0848246565829973 24
1.0905311551095311 26
1.0908743355311517 23
1.0666458282247857 23
1.1169385350786165 24
1.0850450720010558 25
1.0974718849087568 26
1.0976716934171746 26
1.1179683064517085 24
1.0933938551905011 26
1.0645846963807113 23
1.066342476324289 24
1.0673988653133453 23
1.1055621878503699 23
1.1027614386926938 26
1.0695524985688292 26
1.0975962771854872 24
1.1082201483860994 24
1.0767041925141192 25
1.074492768491427 22
1.0784034779849159 25
1.0845154123989091 24
1.1021651328789361 22
1.090139865468478 23
1.1128969303099967 22
1.0962628640753582 23
1.1077635835367097 23
1.095713530474863 26
1.0787245760488489 23
1.071694802160716 25
1.0799331526424807 23
1.0751190245527547 25
1.0705476001162577 24
1.1159761910346426 24
1.0944025110389328 25
1.0788917640037836 25
1.1202600312454956 26
1.120187912956525 25
1.0710319283848193 24
1.08864116174965 22
1.0675902625365534 22
1.0727510836225143 24
1.0977525292950285 23
1.07304247863511 21
1.1163183750447065 26
1.0971446924894686 26
1.1010414308079746 26
1.1083322490627994 24
