1.0719210456947454 24
1.0735558081839236 23
1.1013622198699957 23
1.091499844572054 24
1.086743721565342 22
1.0865254888121245 23
1.088296703414811 24
1.0962379778977538 23
1.0921781498840306 27
1.122626703276997 27
1.0861358631648712 24
1.1220062872014611 25
1.1077385998169944 25
1.0704484442839712 23
1.0933999034519075 23
1.0687974440565287 24
1.1045411201064694 26
1.1161038995604737 24
1.0918112213816797 25
1.1191039601193666 27
1.085993107068166 25
1.1015984330520823 24
1.1134579818645014 27
1.1017938226373258 25
1.0787368170649383 23
1.0687110722287416 25
1.0890660751760697 26
1.0675705012817647 23
1.0788146272915813 24
1.1195725575515956 25
1.0960387923080785 23
1.069222380218402 24
1.0959222335603627 26
1.1176869101394302 26
1.1130274728836178 25
1.0676619326427206 23
1.0679689673664965 23
1.0720790332186638 22
1.1190842143543531 25
1.0964079497453676 24
1.076525138748505 24
1.1168322986053374 25
1.0974175059889144 26
1.0662463097708132 23
1.1072676884515895 22
1.082174460514232 23
1.1010200507983128 24
1.087286039331572 25
1.1077227688495237 26
1.0853530704939405 23
1.0770355908071214 23
1.0808812653837547 23
1.1106083100564321 25
1.114045068898682 24
1.076575279033722 23
1.0701364301205918 23
1.1198161549592762 25
1.0908435592609242 25
1.0791684145256497 25
1.0657411652279425 23
1.0894950621230879 23
1.0876753334744995 24
1.1141837265694228 26
1.0776975536772178 25
1.1142650337513555 24
1.0646856618523506 23
1.1014311865978925 24
1.0727742324312957 24
1.0837373357599576 22
1.0840282859193553 24
1.0902509750272182 25
1.0829543397482322 23
1.0761323142113488 23
1.095730350598977 26
1.087567213226846 22
1.0972053939623825 25
1.078113596509036 23
1.1045055070135932 24
1.06494443165262 25
1.1064933210449501 25
1.1224051853774708 25
1.0687728141198731 24
1.0766290977375321 26
1.0944194002335565 23
1.0820788989045056 24
1.0875567071111163 24
1.0937910616370028 25
1.095663208732715 26
1.1084858046421258 25
1.081330814749656 25
1.097397781785978 23
1.0695132551305901 23
1.0853617794956594 22
1.077676305825831 24
1.1033737172066898 24
1.0865280146862304 22
1.0766289088670606 22
1.11530142291509 25
1.0841907926878098 23
1.1039100550041767 28
