1.094571473199324 24
1.1234448316636874 24
1.0878939933752492 23
1.0903607389596475 24
1.0832578551198166 21
1.0651662547527114 23
1.080550702761703 25
1.095256187176342 24
1.0778013832117386 26
1.0799025373529074 23
1.0968920376854268 25
1.0951817714266958 26
1.0831373904053676 24
1.0898080222726862 26
1.079121323760404 26
1.089911009874831 26
1.1158197813086124 22
1.0804477586878465 25
1.0753294802441602 24
1.098111062158166 24
1.086893498656708 24
1.1175456252124523 26
1.110455759491368 26
1.0662732210288561 23
1.0751969562217845 25
1.0951496468851394 25
1.0956312633531324 26
1.1180288196028294 27
1.0898239981283604 24
1.0817138365211987 24
1.110834065421745 24
1.1151534570024957 25
1.1043710666561835 25
1.1175310747607325 24
1.0954918839096248 24
1.1241411945026418 23
1.071706784975615 23
1.1036173167563557 25
1.0926786549357594 25
1.0922004223830848 23
1.0833041136143882 23
1.1285835674291027 28
1.0706948665271974 24
1.0850488526224273 25
1.0672679910804896 23
1.0711385611847428 22
1.0954695338418192 26
1.1178488827004907 24
1.0976670218513949 22
1.1045726132150129 25
1.0923346380028023 24
1.0646803050149773 24
1.0929921383351222 24
1.1047465046396208 25
1.0809989153062707 22
1.0945274163815844 23
1.0726722454233613 23
1.0876801681695472 25
1.0747962863231553 25
1.0796245837121623 26
1.1107947057529612 23
1.127516194763269 24
1.0820683719573505 24
1.0678340989906414 26
1.1108067852185457 23
1.0743318673131932 22
1.1061274312944727 23
1.1020349508923388 25
1.095362313327313 25
1.0922325128205568 26
1.0868945532507446 24
1.0991751708764137 24
1.0997394242280494 24
1.105077300573939 25
1.0906627852391106 25
1.1158685405937618 25
1.0996763341847315 24
1.103438260475739 24
1.0666891561628529 26
1.0920997789913462 23
1.064953903495992 25
1.0701937396434937 23
1.0687937077997884 22
1.0985259026166934 26
1.1108322370870927 26
1.097409632121068 25
1.0894770551054827 27
1.0677944857881168 25
1.0931055909473968 27
1.070152202372201 24
1.0797830691409813 23
1.0693785309956445 25
1.0742541183531469 25
1.1045738600856585 25
1.1052585146856104 24
1.110980771727683 26
1.0827609480614893 26
1.094406757774003 24
1.109465947229075 23
1.0849124744579326 25
