1.1082002410804634 23
1.1038842492953886 26
1.098122566263812 24
1.1276996124967396 27
1.0740143627673466 25
1.108187326876571 27
1.0832608151631455 23
1.0958579071933656 25
1.0837562481639438 25
1.0730295715371123 23
1.0953138139173968 26
1.0817801081034284 23
1.0671323393961671 26
1.074194249877744 25
1.0894200912959664 26
1.0667197936228803 23
1.078522905842631 24
1.088903451405395 22
1.0896039459720148 25
1.108655837298968 26
1.0830731560844946 23
1.0766093235014482 23
1.066304887401739 23
1.0702314189564628 25
1.1089194766592045 25
1.0787091089788121 25
1.103476080391619 26
1.0737240934983001 23
1.0815680827889191 24
1.0978751205140296 26
1.0662823344343284 22
1.086258795695063 24
1.0768200148702274 21
1.0811630247880193 26
1.1010757595673184 24
1.0857420963923392 24
1.094843932690794 25
1.0904341007222842 26
1.0944589025144493 25
1.0717876532839916 22
1.1082318012358874 26
1.121163773558693 25
1.0886925662319642 25
1.0753489553183222 24
1.0886197718686508 24
1.0992601425852198 22
1.0898939026046777 24
1.0686644415699345 22
1.121938892192348 24
1.0655897217583497 24
1.1034820606908986 24
1.113882861222431 25
1.0668752612395564 23
1.0802302915118442 25
1.0669473770874698 23
1.083204165811052 23
1.0921366566571906 25
1.0843530578565115 26
1.0683819433436414 26
1.0661699322753306 24
1.1004313388784859 24
1.0917722752483365 25
1.1096182361053895 23
1.087893564824168 26
1.0912386858562237 25
1.0677009399148922 27
1.0767073474246716 22
1.0724673154373707 21
1.0725078122017662 25
1.06524871809442 25
1.0682541829289818 27
1.0868721325222976 23
1.1176917860282924 24
1.0884438613625511 24
1.093800938471512 23
1.085190501815117 23
1.1186707897555612 26
1.084661023560309 24
1.0860361485926437 24
1.0693000207788366 23
1.0758573440209946 25
1.0775896679758454 25
1.1096163973174198 24
1.1136338350489978 24
1.0963360622846126 25
1.0983904653049605 23
1.0982089024347739 23
1.088127943270237 28
1.0969012252769499 25
1.1063167224648833 25
1.0695303825084759 23
1.095159951899493 24
1.075581825440078 25
1.0807376698287248 22
1.0868208403351176 24
1.0813614593549907 23
1.0765221646080363 24
1.0820914804233097 25
1.0677884087762608 26
1.06619731554382 21
