1.1028226377790367 25
1.0827885429287245 24
1.09718718203666 25
1.121217897008496 23
1.10079143138075 24
1.0805045895670125 24
1.0800759540390241 24
1.108570660607354 26
1.0955841981670136 27
1.0716219715175268 24
1.0929723632427466 24
1.0821858323473315 25
1.1247779327886391 25
1.087713659431333 23
1.0977460803940287 25
1.1243614206069745 24
1.0696164088829339 25
1.0894135209998526 25
1.1075934688934403 24
1.0698645867978664 26
1.0935721883403524 27
1.1157377549748777 25
1.1171561699992019 24
1.0761434660905904 23
1.1082855848371673 25
1.0930413131296166 24
1.1171043438355388 26
1.0753980525385356 22
1.0719135688374366 24
1.1011077678926715 23
1.0821015596024381 22
1.1069643670522538 27
1.1147763759363605 22
1.0869815163012633 22
1.09992048526254 24
1.085263514169303 24
1.088382377304398 23
1.091465805498246 24
1.107017104283379 28
1.1096020084613394 24
1.0999034527554619 24
1.0786804963102448 23
1.0743666824623246 24
1.1016374114092184 22
1.0785556151868256 22
1.1049861849744547 26
1.1201200803418025 25
1.1002568674983069 26
1.0896188383133056 24
1.089914399809755 25
1.0992789408790413 27
1.0781818923360211 24
1.1014570294103425 23
1.0964009642390673 25
1.0829834047742701 25
1.0824542242292752 24
1.0657421541668133 23
1.1216752092034115 26
1.0798071570841337 25
1.1193770858923584 26
1.1059971675589466 25
1.082339444350804 23
1.0692419400332764 22
1.095948716828198 24
1.0998153592714324 23
1.0820549532019312 24
1.0991431447492053 25
1.0884791260452629 24
1.0674175484585604 23
1.0953374728237848 25
1.0654942182006897 24
1.1078004966611412 24
1.066710399742725 23
1.0686431518876163 26
1.104106139217136 25
1.103512574385792 24
1.0923630329917426 25
1.074597252683282 22
1.0704705094074805 23
1.0660696516546544 22
1.1042605301086765 24
1.0684370337428444 24
1.094465143605793 27
1.0783190110334455 24
1.0663579150194658 24
1.0738388987738803 24
1.0733096701602813 23
1.0753593644243824 26
1.0734271391157741 25
1.0829290786517989 25
1.064951088766688 23
1.0703574740995867 23
1.106616652053984 24
1.0706409294780745 26
1.082177249124344 25
1.1248522040913396 25
1.085214506388589 26
1.0835185647770964 23
1.0996035736108924 25
1.1149409174108351 23
