9 1.1330750802006821
9 1.1326333100182182
8 1.1326916382620893
8 1.1323923011297192
8 1.1334265648727808
8 1.1319376861326071
9 1.1325322655797305
8 1.132613370120139
10 1.1322317408714266
8 1.1320593772454761
8 1.1328975783606157
10 1.1334001616662586
8 1.1321525772822576
10 1.1318442212108388
9 1.132061102104513
9 1.1324158115232812
9 1.1328150672262447
9 1.1327183764979125
9 1.1327606287069432
10 1.1335649983012408
9 1.1315896859165773
10 1.1323876791885508
9 1.1320755400549949
9 1.13201947970956
10 1.1332687396250214
8 1.1328272539931326
9 1.1329852523689707
9 1.131855526327671
9 1.1317420837296248
9 1.1319075700802412
9 1.1333302646539773
8 1.1322896644257705
9 1.1322904327567975
9 1.132232764406877
9 1.1324567616983214
8 1.1322054359441158
9 1.1323233452853358
9 1.133806394422478
9 1.134969773970215
9 1.1319124904815512
10 1.1322835677380325
9 1.1328084500514741
10 1.1322548898058566
8 1.1329040059783513
10 1.1321905668622565
9 1.1321379631108277
9 1.1320844452986276
8 1.1344779514901517
9 1.132004669993322
9 1.1323305243498953
8 1.1323759602683026
10 1.1320413012641664
9 1.1315566018810996
8 1.1322281655592712
9 1.1316627541157342
9 1.132619448049518
9 1.1323112921111167
9 1.1320296163804595
8 1.1324050473877825
10 1.1316193602931228
8 1.1324562655785464
8 1.131930630981396
10 1.131927827517857
9 1.1324689095817393
9 1.1335107069423598
9 1.1318816576997663
9 1.1329603454829338
9 1.1335156921681666
8 1.1322166567135403
9 1.131693323010477
9 1.1328143461254954
9 1.1325270267202479
9 1.1318588144440807
10 1.131628866231417
8 1.1320572587494013
8 1.1321604708188198
9 1.1322822602525255
9 1.132304711910815
9 1.1320434208234729
8 1.131764665892104
9 1.1319167893269981
8 1.1331836208894996
9 1.1325194355326624
9 1.1322106844167112
9 1.1321240716023735
9 1.1320817289260197
8 1.1320896168262498
9 1.1321249216748324
9 1.132432636441028
9 1.133472832829067
9 1.132380943123443
10 1.1318042128004897
9 1.1319070451333881
9 1.131745769177518
9 1.132148028331433
9 1.1324523032303502
8 1.1322995618444842
8 1.1324617818615217
9 1.13175744271235
8 1.132071788973717
