14 1.1314583188958913
14 1.1314537957893667
15 1.131458051642553
15 1.1314231736903617
15 1.1314307426728434
16 1.131512619546276
16 1.1314697750983205
16 1.1314306683194506
15 1.131467604619278
15 1.1314903176619395
15 1.1314617326708964
15 1.1314439461730923
15 1.1314407553706851
16 1.1314422540769045
16 1.1315117354801225
15 1.13145851555168
16 1.1314553735266124
14 1.1314014872780196
16 1.1314520516205298
16 1.1314734161401423
15 1.131409744359808
15 1.131437704435392
14 1.1314633144478394
15 1.1314076486667866
14 1.131414915621406
15 1.1314110802954407
15 1.1314427975143695
16 1.131530303715721
15 1.1314297653976608
14 1.131451740480012
16 1.1314999999672406
16 1.1314360966048778
15 1.1314614309823174
15 1.131485864274845
17 1.1314515443348847
15 1.1314467585060606
14 1.1314249744822011
16 1.1314793246881518
16 1.1314517701236662
15 1.1314621354881131
17 1.131410278083883
16 1.1315236067603496
15 1.1314790249014157
17 1.1314717023065963
15 1.131458346368333
16 1.1314891001838225
16 1.1314698298184416
16 1.1314920483121627
17 1.1315187148262815
15 1.1314662653235852
