14 1.1314583188958913
14 1.1314537957893667
15 1.131458051642553
15 1.1314231736903617
15 1.1314307426728434
16 1.131512619546276
16 1.1314697750983205
16 1.1314306683194506
15 1.131467604619278
15 1.1314903176619395
15 1.1314617326708964
15 1.1314439461730923
15 1.1314407553706851
16 1.1314422540769045
16 1.1315117354801225
15 1.13145851555168
16 1.1314553735266124
14 1.1314014872780196
16 1.1314520516205298
16 1.1314734161401423
15 1.131409744359808
15 1.131437704435392
14 1.1314633144478394
15 1.1314076486667866
14 1.131414915621406
15 1.1314110802954407
15 1.1314427975143695
16 1.131530303715721
15 1.1314297653976608
14 1.131451740480012
16 1.1314999999672406
16 1.1314360966048778
15 1.1314614309823174
15 1.131485864274845
17 1.1314515443348847
15 1.1314467585060606
14 1.1314249744822011
16 1.1314793246881518
16 1.1314517701236662
15 1.1314621354881131
17 1.131410278083883
16 1.1315236067603496
15 1.1314790249014157
17 1.1314717023065963
15 1.131458346368333
16 1.1314891001838225
16 1.1314698298184416
16 1.1314920483121627
17 1.1315187148262815
15 1.1314662653235852
14 1.1314579862087808
16 1.131437929762459
18 1.1314373781370437
15 1.1315459277126827
15 1.1314118924408851
15 1.131413183285778
16 1.1314553983360187
15 1.1314375666538194
14 1.1314311871926144
16 1.1314461518170502
17 1.131477760011662
16 1.1314141483992015
15 1.1314502501980495
14 1.1314222997086851
17 1.1314434209038815
16 1.1314741692163954
15 1.131460074586918
15 1.1314231667964345
16 1.1314212535547508
17 1.1314249240449683
16 1.131488919000214
16 1.13145612966898
16 1.1314221959617305
16 1.1314332654535917
15 1.1314717079917505
16 1.1314101772017253
16 1.131420768370298
16 1.1314151120779092
16 1.1314603902746372
16 1.1314400832066849
15 1.13146231688782
17 1.1314830227428707
16 1.1314034691210457
16 1.1314912221146363
15 1.1314837383479188
14 1.1314144132216193
16 1.131485764166682
16 1.1314341862458928
15 1.1314254725091688
15 1.1314517654954748
16 1.1314248668385218
15 1.1314272849524796
16 1.13145228229676
16 1.1314582188800386
15 1.1315766319576572
17 1.1314563196390033
15 1.131455453315934
15 1.1314610104984562
16 1.1315001135664728
15 1.1314722257161416
