27 1.1313778602276976
25 1.1313784683860328
28 1.1313807975143098
27 1.1313824851237313
29 1.131375432329102
27 1.1313776085508171
27 1.1313781084411303
28 1.1313777003976058
27 1.1313778964113417
28 1.1313772672224423
28 1.1313794405029094
29 1.1313787175735361
29 1.1313788645479073
27 1.1313736236776417
27 1.131377259050596
26 1.1313777015628705
27 1.131379033959424
28 1.131379618163759
28 1.1313775146825078
28 1.1313763341206804
28 1.1313778229655003
31 1.1313791550670225
27 1.1313776402270308
28 1.13137952889829
26 1.1313772328449898
27 1.13137727158288
28 1.1313813201525946
28 1.13137839268274
27 1.1313804511937844
27 1.1313741859035715
29 1.1313781215111314
27 1.1313793441306057
29 1.1313764254081964
27 1.131378261662803
26 1.1313821242714361
28 1.1313796753202259
28 1.1313796051598703
27 1.131376929788289
28 1.1313766907918346
26 1.1313777260039388
28 1.1313788441811616
28 1.1313802653917515
27 1.1313759385778726
27 1.1313805116010123
26 1.1313766833550205
27 1.1313746478138145
27 1.1313758734613097
26 1.1313786683578186
26 1.131378990074464
27 1.1313755319680523
