1.1314347845380637 1.1315530604352269 1.1345728551419525 1.1430152693430864
1.131434192329456 1.131529503424653 1.1347638889072615 1.1435349499540608
1.131441144840795 1.1315793795838316 1.1349405964999197 1.1427236796467608
1.1314342634796828 1.131544023612876 1.1350968527596825 1.1423513298329462
1.1314404447538382 1.1315309161316458 1.1350113035664031 1.1440297279182903
1.1314377841710423 1.13151617209221 1.134759718691593 1.1425005935042476
1.13144038075628 1.1315511984039794 1.134889539374026 1.1447350263102547
1.1314418231579777 1.1315574858359807 1.1343976303552734 1.1446786074221946
1.131433019567937 1.131518686357092 1.1342540619373507 1.141883540468949
1.1314390214355246 1.1315859361544884 1.1347416452591295 1.1450017429343733
1.1314334376634685 1.1315563688562431 1.1349643664460816 1.1422197229234206
1.1314376278894263 1.131525220928579 1.1345750651391897 1.1431131018866616
1.1314324356348051 1.1315495906536297 1.1346706488615907 1.1449267502070117
1.1314398627804347 1.1315594164180294 1.1348521215992708 1.1438165691161732
1.131439584749105 1.1315694524247208 1.134711408621329 1.1452201565635218
1.1314418318336965 1.1315519467174564 1.1347152989684262 1.1449527499170538
1.1314361427632265 1.1315612568759001 1.134850707810781 1.1440800075246234
1.1314355649266497 1.13154278099734 1.134834672402481 1.145103107341642
1.1314384803104698 1.1315626888018178 1.1349662949585024 1.1429439725987902
1.1314362220308876 1.1315420776974272 1.1350434750129543 1.1427799530313363
1.1314340374460143 1.131528702350792 1.1348851085854172 1.1419779430963117
1.1314336189976855 1.1315469291430742 1.1353491508484368 1.1429562876314623
1.1314417450649308 1.1315785229821784 1.1346769352958588 1.1414178468254987
1.131439510413793 1.1315421973427684 1.1346301597811497 1.1432267808421248
1.1314335612020967 1.1315103070093393 1.1348837326210628 1.1430785911659829
1.1314415744648618 1.1315304168285962 1.134265194410956 1.1431775537332645
1.1314394899801488 1.1315729948190723 1.1346112907483659 1.1432435850695526
1.1314380218991953 1.1315172974316818 1.1349443814549691 1.1427802763863972
1.13143432042618 1.131554873863493 1.1345367690676276 1.1420998712962336
1.1314388007558405 1.1315553721664733 1.1346638929640895 1.1429695699557156
1.1314357667477544 1.1315649865943576 1.134739183576848 1.1437615282377982
1.1314368401916903 1.131558389085092 1.1345495459525292 1.1420662587106982
1.1314367309837137 1.1315141874018182 1.1349476286183864 1.144347350424026
1.1314351820776685 1.1315161484258 1.1345240706620499 1.1428680755929492
1.1314338309674843 1.1315811997810326 1.1349143210576031 1.1440612554949243
1.1314325154061553 1.131509096492451 1.1349738878462334 1.142877752656726
1.131434360823956 1.1315267564460931 1.134602396302414 1.1431442967762653
1.1314314998874968 1.1315398235576708 1.1349899812533109 1.1420862762514798
1.131432490774944 1.1315482757114284 1.1346139529500334 1.1446034068949575
1.1314348877620914 1.1315361186951163 1.1350079145108847 1.1453852377680225
1.1314333375439733 1.1315108489045025 1.1347772507672031 1.1435192753012628
1.1314410646505495 1.1315417224903508 1.135021408100524 1.142646886418439
1.1314315135265987 1.1315426564829851 1.1347237246558752 1.144042016588353
1.1314383666642567 1.1315527001999894 1.1350774615648334 1.1446330377456848
1.131438335343688 1.1315193038592934 1.1345604128901976 1.1442261910019484
1.1314344188729586 1.1315281340268761 1.1350825639334938 1.143876694823023
1.131435131593422 1.1315268418108233 1.1348855903988266 1.1421570894552087
1.1314360478638763 1.1315389858190714 1.1349344726097537 1.1445840082441687
1.1314377114743877 1.131515725380723 1.1348920146193504 1.1427948021573813
1.1314375466626265 1.131532779914543 1.1345678155931416 1.1417372668948427
