1.1314400597051388 1.1315572963374219 1.1347628144043391 1.1438086986566243
1.131441526205764 1.131539844780177 1.134755723311016 1.1439133288516297
1.1314397311461506 1.1315418415620917 1.1347919389300567 1.144570024560681
1.131442461051529 1.131559817511516 1.1346346592197254 1.143135909798069
1.131431333756161 1.1315619634766279 1.1346775358815293 1.1441130196427107
1.1314358992910694 1.131544149021658 1.134542610674206 1.1437237317376479
1.1314295713235303 1.1315166655612632 1.1345173307057945 1.1445174655240722
1.1314352323836123 1.131554610623266 1.1347160728862171 1.1423692363563895
1.1314376534316546 1.1315320907674546 1.1344908639808746 1.142883951518994
1.1314356116594049 1.1315422639117283 1.1348599719941037 1.1442048528503315
1.1314368871004041 1.1315600849428251 1.134988567195937 1.1435216586089205
1.1314346974628873 1.1315453801840054 1.1348676279953283 1.1442845362819327
1.1314287911879783 1.131515526084225 1.134577595804489 1.1447960013664298
1.1314328743388227 1.131530112474555 1.1349364098218613 1.143935455056937
1.1314395235111634 1.131508794899769 1.1345643112863877 1.143144649251019
1.131431488569548 1.1315380363251042 1.1349583658478726 1.1442937808140101
1.13143849109669 1.1315598413418373 1.1348774962904447 1.1432477750566283
1.1314352638889091 1.131526184087936 1.1346152081212648 1.1443714093455664
1.131438181449131 1.13156887828873 1.134996039701967 1.1423417443010666
1.1314366053680494 1.1315206521360477 1.1348094062056768 1.1432805829320278
1.1314350577385757 1.131583272853957 1.1345200354199911 1.1443216169124426
1.1314337828949577 1.131538185771728 1.1348226541145032 1.1442487807504047
1.1314418325130944 1.1315531659573606 1.134787565414789 1.142522516555615
1.131433268130836 1.1315410552826763 1.1350926119607927 1.1425187232928962
1.131433379951454 1.131558680083321 1.1346527713494357 1.143407777537016
1.1314368209043881 1.1315460069472072 1.1349901364701875 1.1426197038061523
1.1314362692872384 1.1315369168537612 1.1348503541669581 1.1427789279518985
1.1314368538537638 1.1315385974355203 1.134642809378666 1.1429284103298045
1.1314399120569056 1.1315675541681476 1.1346641107521251 1.1453095556449624
1.131438827344766 1.1315836442080323 1.1348407499798943 1.1428670093750202
1.1314392438240914 1.131572720752038 1.1347694625277471 1.1425825144777404
1.1314355998930241 1.1315706448411265 1.1348659031548558 1.1417405941893006
1.1314369188679712 1.1315456372403354 1.1347596356396445 1.1424720093156264
1.1314324067653767 1.1315569138922177 1.1345925969590616 1.1434553721634706
1.1314357518776157 1.1315402945880442 1.1344430847504834 1.142172711967567
1.1314381016012502 1.1315458693401714 1.1352008031230323 1.1430756014853438
1.1314356561873289 1.131531698078037 1.1345247706715462 1.1422052774708706
1.1314375799381853 1.1315407236348116 1.1351238976154119 1.143280834650184
1.1314417062074447 1.1315393969276093 1.1346454928449332 1.1439634173974453
1.1314406651665139 1.1315469687434865 1.1349452940851883 1.1429704197790898
1.131439816574268 1.1315616610309591 1.1350419460293142 1.144077846992954
1.1314375197653086 1.1315467224517008 1.1347423736743556 1.1446119355945963
1.1314329814508204 1.1315218365932178 1.1347887210673433 1.1421681278081581
1.1314356812662525 1.1315237735288526 1.1343031878262881 1.1416091860833828
1.1314358095115862 1.1315792000144365 1.1346889355693717 1.1420874300497779
1.1314305800966349 1.1315193574157216 1.134887844634996 1.1433338600026073
1.1314337220551762 1.1315294198589716 1.1349065682052597 1.1423373456366743
1.1314360785754969 1.1315380621331321 1.134971790059455 1.1428811661567377
1.1314394660122795 1.1315348082476988 1.134537402612913 1.1434444561475412
1.13144005892936 1.1315578938428177 1.134600016270216 1.1429551202635315
