1.131434266778677 1.1315096594503056 1.1348554068170629 1.1429776406497636
1.131434595902463 1.1315427651576537 1.1347986311154303 1.1423756402417593
1.1314379125360157 1.1315706257322444 1.1350240691840487 1.1435678945703414
1.1314381814530674 1.1315588697922287 1.134814519403859 1.1451185106756145
1.1314349560722412 1.131541891714843 1.1348693641568384 1.1433873967083306
1.131432573089508 1.1315139456890713 1.1351632947203696 1.1439444265899046
1.1314305171595769 1.1315560010513415 1.1346563452245513 1.143433057909923
1.1314329226624324 1.1315101606247986 1.1347187089828739 1.1436757515926113
1.1314363517934711 1.1315421535167989 1.1350182348883322 1.1428215460504605
1.1314372978017213 1.1315292868565594 1.1349357118853298 1.1423749171518138
1.1314403377269358 1.1315203784567076 1.1347090510985636 1.1425899134470299
1.1314382627093038 1.1315874554949006 1.1349798663441109 1.143515955996276
1.1314361546578942 1.1315315872788474 1.134811526399839 1.1438162169336805
1.1314384945539608 1.1315465855757256 1.134870106897847 1.1421290617003341
1.1314350464641736 1.1315542738598485 1.134677221571299 1.1444365045029068
1.1314381648511944 1.1315670109582228 1.1347717676622615 1.1433255766232244
1.1314371711510036 1.1315212075040024 1.1350061983194384 1.1430893915015208
1.131433543172423 1.1315588390208162 1.1347414201721329 1.142386936250627
1.1314319793484084 1.1315433325756634 1.1344699115404797 1.1439481742810738
1.1314362728500833 1.131514860957032 1.1350862569071318 1.1438580533302543
1.131433868300761 1.131567249424957 1.13468717899563 1.1426764460573604
1.1314340712337883 1.131547653008866 1.1345972905676536 1.1423314544496617
1.1314302616271072 1.1315426217447448 1.1346528548772885 1.1436471667436838
1.131435522147994 1.1315179080250997 1.1349379034724139 1.1429202281848228
1.131443472052544 1.1315278734140224 1.1347796258653424 1.1438253070548354
1.1314340652191979 1.1315328486380076 1.135215924433535 1.1433572069019675
1.131434462386738 1.1315394713348823 1.134961031061124 1.1436350395059665
1.1314384966253088 1.1315449125778023 1.1348542075312984 1.1458831096959128
1.1314314097244382 1.1315198866986211 1.1342346398879395 1.1432050943438796
1.1314379947022628 1.13156099892525 1.1348128884911028 1.142635224682051
1.1314384784101332 1.1315448317958081 1.1346639410715844 1.1426592067379322
1.1314342307978813 1.1315585467695906 1.1343957370054292 1.1421357133973096
1.1314357951315082 1.1315273965775619 1.1348355356440158 1.143761690681539
1.1314372355853959 1.131555285915786 1.1348773764704314 1.143162686150901
1.131430122748039 1.1315040345815084 1.1348317505597267 1.142562986182098
1.131437096252289 1.1315606177115227 1.1345346982519067 1.1423119670831332
1.131436401864334 1.1315471629704685 1.1347056339142898 1.1424355748462043
1.1314238890420643 1.131518010720005 1.1348850555685288 1.1429480324772303
1.1314419272093 1.1315522770470432 1.1349047547795519 1.1448698909270685
1.131434614960493 1.1314896510442936 1.1348432290383814 1.1433204413217786
1.1314389489362833 1.1315383673006856 1.1351592206358474 1.142045707909199
1.1314324502046105 1.1315199770599857 1.1348756923514425 1.1444702337548303
1.1314369274234943 1.1315719875121792 1.1348428131648927 1.1416538665215201
1.1314403680213199 1.131571633324178 1.134803498643041 1.1433549190391883
1.1314417032493418 1.1315531354188317 1.1345629313087786 1.143784604491948
1.13144025839438 1.1315375135246206 1.1350020038664461 1.1448074813269804
1.1314320575872636 1.131524145935432 1.1344465196670492 1.1449651074309675
1.1314357382366553 1.131569577285133 1.1347507839719138 1.1433445524139645
1.131434864823123 1.1315506517194633 1.134608549002167 1.1436491436243303
1.1314372952948353 1.1315582659864818 1.1347936030407952 1.1431639816917778
