1.1314406210055314 1.1315307566188821 1.1347721034496634 1.1437718431459396
1.1314373726046454 1.1315652196120134 1.1348054484776846 1.143763701961101
1.1314349816079559 1.1315300465595877 1.134733349061155 1.1430532711196084
1.1314337332853581 1.131559739016705 1.1345258387952477 1.1413553128445808
1.1314291510756955 1.1315598714839294 1.1349340363774543 1.1433938754825985
1.1314346598491187 1.1315403223285607 1.1346429216144231 1.1438397257470179
1.13143437719354 1.1315489607983154 1.1350733984585748 1.1431568468742364
1.13143566001903 1.1315489928553562 1.134991524433525 1.1422306880132849
1.131434476390115 1.1315295865688393 1.135003393598743 1.1434193768996208
1.1314385422026407 1.1315446834572955 1.134617157927851 1.1423325431576725
1.1314369565056974 1.131565033408757 1.1347217026947438 1.142108309821292
1.1314442822298039 1.1315379927787734 1.1343685024143768 1.1438192828953466
1.1314400027650782 1.1315432761673485 1.1349654208640634 1.1439966437809945
1.1314376018248906 1.1315605533478321 1.13492472246496 1.1427309134336956
1.1314381646140268 1.131527198118984 1.1348999072621038 1.14231286050603
1.131432624220896 1.1315524667119397 1.1349043911671144 1.1430956797937522
1.1314381699978127 1.131556860281984 1.135002739137073 1.1434122934930946
1.1314408302661114 1.1315564681992698 1.1349392921368835 1.1426838410830413
1.1314443739871953 1.1315375517478194 1.1349166901414518 1.1439167174366134
1.131438359507417 1.1315605379969524 1.1349441480077203 1.1434196206930052
1.1314357791675431 1.131557018708234 1.1348384089092942 1.1431188175386753
1.1314344259584301 1.131526245160032 1.1347690814113216 1.1451296296382696
1.1314385531502311 1.1315378051981742 1.1347480455183068 1.1434813929557912
1.1314355753104255 1.1315273833885562 1.1347320654140507 1.143059409293143
1.1314358855901616 1.1315413400555094 1.1347886178165012 1.1438722376309063
1.1314383759204396 1.1315453094433703 1.1346506407683197 1.142622542645087
1.1314378158519296 1.1315475319983217 1.134556499761475 1.1430642158997137
1.1314306602032562 1.1315396926265193 1.1344319990039209 1.1432361437433827
1.1314380987334727 1.1315608676840747 1.1346527550902754 1.1414822410104033
1.1314407605152388 1.131556958540461 1.1349884943125734 1.1439821505592163
1.1314390969510253 1.1315528402533435 1.134782937444312 1.1427322402145768
1.1314362793161998 1.1315443865794172 1.1347811411424051 1.1422771198781656
1.1314331564393845 1.1315004781148839 1.1349395139722067 1.1443398813574968
1.1314369027218902 1.1315310433377705 1.1349422049179316 1.1437919086183626
1.1314338764092489 1.1315174326823587 1.1349181211369626 1.144619027517199
1.1314374639238693 1.131550524631728 1.134786774645568 1.141966216938634
1.131430094850584 1.1315220058713653 1.1354993298539855 1.1414567153026827
1.1314362781231249 1.1315988317453651 1.1348628698055365 1.144479498685208
1.1314368395346044 1.131541656287996 1.134569386196103 1.1425349687952784
1.1314447555686167 1.1315260281344897 1.1348415916654435 1.143778915559903
1.1314354979932155 1.1315617695699474 1.1348738955547635 1.1439198550997918
1.1314386683653126 1.1315622219683237 1.1346359364218472 1.143262970422809
1.131436164814824 1.1315604902069871 1.1348520162018407 1.1428369245545882
1.1314432723068466 1.131540302888994 1.135122306305802 1.1431351214902477
1.1314349908134196 1.1315732761954198 1.1347582609484879 1.1431544574900885
1.1314371964334404 1.1316010321292445 1.1348485368365184 1.1431714688426726
1.1314311694830415 1.1315371029517893 1.1347451535443178 1.142002531006112
1.131437920969988 1.1315116394709586 1.1347080379471237 1.1439220712064244
1.1314363330336896 1.1315479158525537 1.134644687066631 1.1430876746594336
1.131431221344864 1.1315330289313732 1.134993859148858 1.1441444447753975
