1.1314282756159866 1.1315190475292745 1.1348823243523802 1.1422188619313096
1.131433106754509 1.1315536314943007 1.1344491324308603 1.1441760182863334
1.1314347328926684 1.1315391779469468 1.1349233727651569 1.1432642233982757
1.131438344250624 1.1315195300975684 1.1346093039550569 1.1432713856779786
1.1314364009590894 1.1315079592327004 1.1350098319408948 1.1449569385970766
1.1314330802213581 1.131516094577708 1.135216345505882 1.1449610131208887
1.1314360538285553 1.1315238885951964 1.1348710245054643 1.1435514436811307
1.1314345537118857 1.131528895434806 1.134747409681961 1.1427021915830777
1.1314335099139863 1.1315288936105632 1.1349033306457272 1.1446455584679203
1.1314434382829848 1.1315379728867727 1.134836645150487 1.1430459124597303
1.1314358229597474 1.1315714510052979 1.1346697785205198 1.1422435405572144
1.1314377859634497 1.131517937623914 1.1347228827435525 1.1430018398291066
1.1314375609025824 1.1315078035513253 1.134899020335507 1.1419831830417015
1.1314368539330917 1.1315347225974357 1.1346419782090498 1.1436030598085758
1.1314322912702346 1.1315170502637055 1.1346559556842337 1.1424316749810868
1.1314296696076938 1.1315280467306215 1.1349329179715721 1.1446699816462598
1.131437293930645 1.1315126391676096 1.13470267472749 1.1439423224453458
1.1314402257953184 1.131534381718017 1.1348926515673112 1.1426345394904862
1.1314369015804102 1.1315401047957565 1.1349165046116705 1.1451009798071274
1.1314464924415555 1.131562906055428 1.1345139044797872 1.1442081833052002
1.1314341620953436 1.131528478894543 1.1351623319525963 1.1448852668131957
1.1314407069369519 1.131515168490029 1.1348642737439867 1.1427950586707922
1.131436531987708 1.13154034525516 1.134906786033246 1.1423989210421064
1.1314295834276114 1.1315250849879626 1.1345667533340396 1.1447384920760624
1.1314315430698658 1.1315545060820982 1.134930123017016 1.1426018527745478
1.1314396627146266 1.1315235597446875 1.134696935418553 1.1433315151048262
1.131442313488241 1.1315387158408736 1.134957455483496 1.1436139965061496
1.1314393117045631 1.1315441832709898 1.1349132396925852 1.1420033271742558
1.1314366184039366 1.1315614182285947 1.1345756472599409 1.1432454466718232
1.1314323866464129 1.1315078987650824 1.1347039601363724 1.1438823629204036
1.131439678159384 1.131533749832643 1.1349073535100014 1.1438337657475166
1.1314332574771717 1.1315247767873657 1.1346578345753544 1.1429871326082375
1.131447396519724 1.1315156523683703 1.1349869908892674 1.143621160684029
1.1314332787055479 1.1315193988494194 1.135022226019318 1.1439108914648168
1.1314453663276656 1.1315539553546712 1.1348974367185516 1.1431096530219977
1.1314370982789972 1.1315566925162237 1.134540411996347 1.1430604537933489
1.1314332678411947 1.1315166166060642 1.135136735361176 1.1426172155057728
1.1314365991420425 1.1315413219103017 1.1347482469914298 1.143454565658977
1.1314398161379187 1.1315466457172436 1.134731345322031 1.1436655585156836
1.1314321650855708 1.1315426572035867 1.1348774435898943 1.1429572572544229
1.1314417017604943 1.1315507799282944 1.1349257651527178 1.1429251961652505
1.1314396489828127 1.1315639189480493 1.134808042539634 1.1445950280499964
1.1314374419271718 1.1315750353375509 1.135052844838312 1.1447833638508065
1.131435939664582 1.1315243240424564 1.134596192525976 1.1435900122592546
1.1314367140748434 1.131541872175286 1.1348287582269239 1.1438307539108024
1.1314326720290904 1.1315549584502935 1.1346234137634423 1.1449084423867555
1.1314321809593393 1.1315322220825474 1.134966533590668 1.1425643323263788
1.1314388537800733 1.1315115803781657 1.1350375176581298 1.1435414639611734
1.131433217464925 1.1315244748655622 1.135109509055908 1.1433293482319826
1.131433294627569 1.1315596743692131 1.1349071794472125 1.1435115516608356
