1.1314349662936656 1.1315269235106156 1.134769123347459 1.1437243546965494
1.131429711734014 1.1315421104306527 1.1350093649728517 1.143794237473227
1.1314337989155323 1.1315231893403679 1.1349276844399583 1.1431341242998718
1.1314398110831765 1.1315639606313175 1.1346095584929485 1.1425330752310037
1.1314415995861746 1.1315726007503204 1.1347686117072862 1.1444664721632678
1.1314298397773634 1.1315326903738459 1.134843478898576 1.1443078874006354
1.1314387568216855 1.1315693888466725 1.1345125136156986 1.1443612554230511
1.1314404959574522 1.131547008807449 1.134850714382015 1.143643012765662
1.1314366214439808 1.131567802988432 1.1348278635091327 1.1425146028085071
1.1314358733464804 1.1315306635800826 1.1348867031143655 1.142717390019278
1.1314388591457856 1.13153162004224 1.1350563120509314 1.1431670509662832
1.131434493075096 1.1315209388197105 1.1347291083274598 1.1432650023388784
1.1314354640389748 1.1315733345357792 1.135104206759114 1.1451127532146514
1.131438989745558 1.1315405484048495 1.134939395681207 1.1441358412763496
1.1314344073689093 1.1315336627452168 1.135025807232114 1.1433792684087198
1.1314470171344493 1.1315800713962598 1.1346481962736983 1.1433554842841378
1.131432805968881 1.1315356512346026 1.1347015769534372 1.144056792431926
1.1314410695780202 1.131538938105619 1.1348588274851872 1.1426322150480732
1.1314365280346175 1.131550818165071 1.13505349442256 1.1436066557897078
1.1314369187326005 1.131531052950665 1.1345144622198136 1.1443537118181843
1.1314420073692986 1.1315521612564745 1.1349948522131341 1.1441377554537768
1.1314411784510485 1.1315786548703635 1.1346614280628895 1.1434179456613003
1.131436936000241 1.1315659601828039 1.1350696382419172 1.1429441207827458
1.1314370723395164 1.1315249704131 1.1348179858902412 1.1432445549167682
1.1314415658898722 1.1315235624323228 1.1347770006421942 1.1433926238753582
1.1314321884888316 1.1315529840984653 1.1349229162431207 1.1430733176128993
1.1314358363244084 1.1315250054346027 1.1348715198229804 1.1441449969711932
1.131435302859431 1.1315825513693616 1.1347327888550716 1.143222240709547
1.1314424434246098 1.1315287576013264 1.1350369088636552 1.1436094149392428
1.1314352803738392 1.1315301798686501 1.1344763163879306 1.142863638969283
1.1314377634463244 1.1315362320420002 1.134869099974882 1.1445879587166838
1.131439087376273 1.1315383482620314 1.134645803333116 1.1422065035957027
1.1314367664059959 1.1315549196942616 1.134749769914549 1.1447447402691944
1.131441430485745 1.1315810267880946 1.1351214303807458 1.143591631879696
1.1314354765387276 1.131549209406799 1.1344623511176384 1.1420668141051196
1.1314416820777926 1.131541162595796 1.1348108829067058 1.142477618859615
1.131439898711981 1.1315184836930359 1.1348694937647892 1.1432854689841847
1.1314391450289265 1.1315674564019267 1.1346815419950478 1.1439878005799262
1.1314360087158324 1.1315411735651266 1.1347166406757192 1.142346884641742
1.1314316682778565 1.131550041383343 1.1347809401313074 1.1425857467032956
1.1314286021761872 1.1315511097126845 1.1348276127954409 1.1432984139770324
1.1314324550454848 1.1315282613053133 1.1347320510524765 1.1425217661581648
1.1314323500878436 1.1315378258355795 1.135126871214445 1.1418399284947316
1.1314361745617871 1.131519103823137 1.1346494435190724 1.14318109114073
1.131437080578929 1.1315352838370945 1.1347104564884318 1.142793589452295
1.131438445617889 1.131549181596583 1.1349577697956033 1.143085982983454
1.1314364493472195 1.1315203443782333 1.1350802608466704 1.1437263870256333
1.1314375059782864 1.1315329157967966 1.1350957077593504 1.1439354995514113
1.131435866053 1.1315572435216734 1.1347479159058254 1.143712075363078
1.1314323478496195 1.1315358879109587 1.1345017971004867 1.143286163104631
