1.1314345933413514 1.131521849727544 1.1347677808728807 1.1430826916575123
1.1314380700267905 1.131554270330797 1.1349780086147954 1.143349708863361
1.1314432461096153 1.1315781875177513 1.1343321151310721 1.141844061255962
1.1314434195821519 1.1315862373272407 1.1349634532092456 1.1440255604550795
1.1314319578749132 1.131549735522302 1.1347573566834779 1.142312906412049
1.1314444259700662 1.1315507446774582 1.1347133315444786 1.1440074588710674
1.1314410919046143 1.1315115314334696 1.1350937732515798 1.1444088757027295
1.1314321867233652 1.1315432758493158 1.1349128507292572 1.1435693358644048
1.1314321159737466 1.1315123777773386 1.1348837441052022 1.1427474700635027
1.1314378489225498 1.1315620308285186 1.1348840257435808 1.1432504615218109
1.131442833341125 1.1315429248447837 1.1347828564404467 1.1438699450506349
1.1314373993694768 1.1316000823125314 1.1347599666855053 1.1434466448135716
1.1314433639704218 1.1315599931129134 1.1346023998073194 1.1431314941072988
1.1314382966609875 1.1315381247660699 1.134412229626169 1.1431076093577672
1.1314386175292654 1.1315161663962472 1.1349053088190568 1.1445293081702481
1.131438240735904 1.1315444892948 1.1348438965241894 1.1431809379209161
1.1314431911196052 1.1315545482355926 1.1349351837227504 1.1425986939894919
1.1314255160415654 1.131519267180048 1.1349477123249374 1.1419750543231135
1.1314379657703602 1.1315245408761867 1.1343549667315767 1.1429590386961452
1.1314345180451202 1.1315600441783078 1.1349002904527146 1.143093735166425
1.1314393930970887 1.1315381829894526 1.1346874665102944 1.1436803881265278
1.1314454190138454 1.1315499691740807 1.1346585075119415 1.1437775279528184
1.1314293521316072 1.1315547983095107 1.134730866537518 1.1425886849529534
1.1314376075962684 1.1315536429498356 1.134496578998178 1.1437674095855055
1.1314333934453218 1.1315164280867847 1.13476139271378 1.144292563353195
1.1314324344798394 1.1315054900050248 1.134598900857767 1.1429453436425183
1.1314356987177392 1.1315623809982136 1.1349320670877552 1.1437188191752294
1.1314479627845704 1.1315498610339012 1.1346755371660275 1.1426116858620625
1.1314333791180642 1.1315588935741572 1.1349381208795046 1.1437869153059068
1.131439760460684 1.1315585745594317 1.1349177180768415 1.1436161057306764
1.1314370374640355 1.131542111073528 1.134875413000652 1.144797915004194
1.1314376167059235 1.1315402238938341 1.1348180132874186 1.1430448173416645
1.131433575052144 1.1315514449481583 1.1348332204247078 1.1435710108211483
1.1314301617312013 1.1315673897708929 1.135073331815454 1.14276187354428
1.1314334861039839 1.1315212260299674 1.1348308504828941 1.1437417111159034
1.1314384988866346 1.1315618012315127 1.134699123279068 1.1445032664783612
1.131439233772911 1.1315715557961383 1.1346831690225943 1.1446752281549755
1.1314389435080061 1.1315546365402196 1.1350843705253357 1.1426370748020034
1.1314374335245838 1.131520874137922 1.13491940729518 1.1438035730775375
1.131440295397865 1.1315585241745703 1.1345189351549463 1.1425509391648963
1.1314370685936854 1.1315447215605086 1.1347966176596807 1.1420461939449666
1.1314249051403982 1.1315443255339865 1.1346407514342334 1.1444768546559592
1.1314398821130225 1.1315270881056239 1.134814902466658 1.1439432438562651
1.131437759206855 1.1315180950802197 1.1349012708851522 1.1443886921149564
1.1314306337090783 1.1315407097768333 1.1346971077807668 1.1433327992010722
1.1314360019367729 1.1315605892153366 1.1344344447251975 1.1431844371448132
1.1314294868813697 1.1315552444298558 1.134947280339555 1.143873626378969
1.1314370552699962 1.1315694746028298 1.1348262196736136 1.1444804110986697
1.1314379908719068 1.131578647049888 1.1349884632495701 1.1433195229061983
1.1314347468774169 1.131526096353992 1.1348870724142524 1.1404494131185727
