1.1314361864064157 1.1315507832080554 1.134920946546708 1.1439068746343921
1.131431630173386 1.1315524776348764 1.1347867841529429 1.1415115087522338
1.1314369194716634 1.1315291128546516 1.1347326723163054 1.143882016353
1.131437474916714 1.1315447159746934 1.1346230763920795 1.1432879917102219
1.131432438660551 1.1315320767733672 1.1347200652646134 1.1427991298499354
1.1314357786879197 1.1315469481023006 1.1348934872679963 1.1434343169291945
1.1314366030258876 1.131535555095873 1.1349566884822702 1.1433455266876629
1.1314387013001383 1.1315381159966962 1.1346742078924257 1.1428859798304256
1.1314358688822261 1.1315339292500042 1.1348497990556976 1.143317082612728
1.1314375877854301 1.1315453970415155 1.1346400460114872 1.142503654353254
1.131432464295392 1.1315663803261158 1.1349471802794961 1.1419382266788152
1.1314410084949396 1.1315499661568968 1.135120665526736 1.1423130717205894
1.1314411635536519 1.1315661304287077 1.135050998922218 1.1449422051021754
1.1314316168497398 1.1315397305964223 1.1342036338349124 1.1438463181988627
1.131430128905103 1.1315423218471699 1.1347590406781076 1.144116075292264
1.1314456153483041 1.1315516192617259 1.1348874148225596 1.1432680040660168
1.1314316471673362 1.131505739606767 1.1346250647470857 1.1443765382462898
1.1314420482172607 1.131530224239881 1.134857810828908 1.1437146651625771
1.1314374243065217 1.1315457178549828 1.1351469773864795 1.145585679597791
1.131442452770003 1.131557864370775 1.1349005673248818 1.1419004712715433
1.1314273896483265 1.1315253204773326 1.1349258600451086 1.1428601837939463
1.1314387712202634 1.1315330336064253 1.1348870636659518 1.1431151963831236
1.1314440387086466 1.1315876614608795 1.1347437152619602 1.1445079291499505
1.131439986747711 1.1315251838164093 1.1346470327273372 1.1427308382246302
1.1314378341092017 1.1315510332021939 1.1349709343667735 1.1423422410410997
1.1314378355901682 1.1315434580104935 1.1348408190972836 1.1444860191457986
1.1314359570296026 1.1315327367168486 1.1352386188738506 1.1433920848976873
1.1314333409487614 1.1315420087245425 1.134503837532391 1.141659726134118
1.131441075353993 1.131577445489993 1.1349632943354253 1.1441413380326186
1.1314377437608816 1.1315553433455543 1.1346910367913892 1.143204981762376
1.1314372671688326 1.1315825134286148 1.1348810883386622 1.143075871968024
1.1314442811362029 1.1315423737790646 1.1351632190604601 1.145622042346351
1.131434890432943 1.1315591993033962 1.135040347918304 1.1430013679056779
1.1314359335659576 1.1315559416125043 1.1351083293298807 1.1429492429835184
1.1314305292350457 1.1315500469129895 1.1348258739208317 1.144740765893836
1.1314334759804343 1.1315413581577485 1.1346075188478681 1.1432708471115047
1.1314326009665323 1.1315247680379346 1.1349377888353522 1.1421383322231424
1.1314380874681589 1.1315112629322035 1.1347753491209709 1.1434691123776068
1.1314295684009175 1.1315306231111584 1.1354436801842058 1.1418170114305026
1.131435917485477 1.1315388086613385 1.134369262420676 1.14249453987735
1.1314384932169448 1.1315515960895963 1.1348134191097718 1.1443953883537135
1.1314400640253763 1.1315777154965003 1.1349504419928034 1.1424531571387049
1.1314348171711097 1.131539601671518 1.1345997482363281 1.141824197054369
1.1314315034141023 1.131555028370263 1.1346617173864777 1.143160983012467
1.1314443617517649 1.131531951839369 1.134849840295668 1.1433336624341817
1.1314361043340273 1.131568035201115 1.1346836878447917 1.1423003281660238
1.1314419610147934 1.131535732087584 1.1344442894149953 1.1442306218572924
1.1314404445474342 1.1315364576112548 1.1349529131089482 1.1421207385978118
1.131430833417536 1.1315172979567367 1.1349677511915124 1.1428942802814406
1.1314292363087457 1.1315419735952712 1.1346665118245498 1.1454263974109324
