1.1314369750631366 1.1315315129647867 1.1342549854093824 1.142671125576014
1.1314374893133876 1.131516792954896 1.1348018186363145 1.1432440152044228
1.1314342346015431 1.1315108534492764 1.134970754569823 1.1434895324465537
1.1314377177147037 1.1315221227924845 1.1348695014959738 1.1442171810225823
1.1314383142431754 1.1315223360781543 1.1349356009378202 1.1446496863791404
1.1314347190904306 1.1315135334543218 1.134837373147946 1.143692398214171
1.131443180157356 1.1315950569836708 1.1347243938414864 1.1425793068568277
1.1314325452769436 1.1315050743848432 1.1350515353383501 1.142655658083193
1.1314423995116574 1.1315416130315932 1.1347890940962937 1.1431608875947796
1.1314376619148283 1.131534247397872 1.1348578690094901 1.1416765434039906
1.131434857618091 1.1315396809839162 1.1344883347001888 1.1413843366385656
1.1314416440226267 1.1315478342625676 1.13447619598632 1.146420564963953
1.13143103274405 1.1314889917001925 1.1345248777641441 1.1448480273699577
1.131434196923879 1.1315185125986509 1.1348729382775375 1.1437627077002839
1.131435695249751 1.1315455340637668 1.1346297092771214 1.1426730297816614
1.1314329490230222 1.1315275746811693 1.1345712734689335 1.143551668973915
1.131435018292316 1.1315016239884337 1.1349138999672512 1.1420059983089765
1.1314336408520964 1.131536919514826 1.1346621296814745 1.143900759140045
1.1314302254485176 1.1315880658468997 1.1349182203551982 1.1441307611797944
1.131432148930871 1.1315463788560784 1.1346559119330166 1.1440215856235878
1.1314363319793337 1.1315384397450599 1.1344803248259387 1.1437342784605344
1.131434903607319 1.1315471516811861 1.134854546550708 1.1436122644855107
1.131434922261207 1.1315292677265512 1.1348970434228682 1.1434749541322775
1.1314370406923313 1.1315269826785508 1.1347680873683699 1.1425896597445946
1.131431488086047 1.1315324847828376 1.1348429648822973 1.145000388086542
1.1314322859515293 1.1315245410507744 1.1347782028057687 1.1436944461064278
1.1314312459798026 1.1315328518659629 1.1348629341985739 1.1444013628567489
1.1314391969304378 1.131535250772279 1.1348976528977104 1.1435226705551662
1.1314425487235256 1.1315552588150828 1.13509495753654 1.1446856540476058
1.131436353555909 1.1315208197396862 1.1348809835479545 1.1421713538684648
1.1314427742056936 1.1315803527609547 1.1351986990696352 1.1425454606883942
1.1314342561944843 1.1315764338315917 1.1348706193714213 1.143372983784312
1.1314321249412633 1.1315399587176607 1.1347972439477978 1.14300070053376
1.1314441223003138 1.1315422472297518 1.1346145828001175 1.1420461347448105
1.1314299364330944 1.1315547941382964 1.1352587022434546 1.1425939912418595
1.1314390490933934 1.13152166453718 1.1351814906332434 1.1440326556749012
1.1314291745268727 1.1315987236719065 1.1349262265292674 1.1415514566712186
1.1314418525688552 1.1315412408715193 1.1349799858732763 1.1435662504896538
1.131438439818424 1.1315492612449636 1.134919081876882 1.1422462502132007
1.1314308182928476 1.131543042063064 1.1349336952725642 1.1439611966321253
1.131434267789092 1.1315410374445158 1.1349324036428388 1.1425985213798935
1.131435081106884 1.1315492585366438 1.134705957324123 1.1429810599674861
1.1314376560018673 1.1315513628499783 1.1345944627736293 1.1431899289332603
1.1314307723990573 1.1315628252011738 1.1348843564036195 1.1446493716881259
1.1314403136961693 1.1315121691699086 1.1348858324054483 1.143658767694831
1.1314410365671281 1.1315808436007424 1.134884391281874 1.142166801192814
1.131438983051719 1.1315245550206376 1.1349299194404705 1.1438544969975766
1.1314358250511103 1.1315463854205101 1.1346400173586146 1.1438267438240384
1.1314409083063957 1.1315605672013873 1.13476715026293 1.1428226140689401
1.1314390610100742 1.1315630347075647 1.1349085690588032 1.1436658158175534
