1.1314406642239296 1.1315483470804497 1.1346980615937314 1.1441551459927204
1.1314313842443184 1.1315380959604961 1.1345233438382314 1.1414799364380301
1.1314470198980184 1.1315932420268011 1.1346844612584945 1.1441228694557197
1.131436681525641 1.1315426320170536 1.1348751242437014 1.1419462792202848
1.1314353374591175 1.1315631058709716 1.1349622865843292 1.1421950475798643
1.1314368758060251 1.1315750824397004 1.1346720655890894 1.143891331665362
1.1314321740245374 1.1315564088505399 1.1349461405695076 1.1444730250885637
1.1314330980442375 1.1315526125343847 1.1349418301473961 1.143048739188416
1.1314380719233563 1.1315332699132241 1.1345542950794982 1.1427481652380493
1.1314375522719278 1.1315336525248676 1.134850504361029 1.1429045600710614
1.1314390095536713 1.1315434891002412 1.1348126325754402 1.1419973868960973
1.131438842230567 1.1315811734384458 1.1345279779544089 1.1414676496705982
1.1314338890138893 1.1315188172259176 1.1346628501359681 1.1436453811925142
1.131439050100854 1.131529138217228 1.1343842393378774 1.1433825131820776
1.131440590374518 1.1315443395203408 1.1345272042417973 1.1450452279151526
1.1314355153322098 1.1315652810699524 1.134480203058461 1.1425701056781683
1.1314358107208575 1.131547724955179 1.134910705882102 1.1449913676089893
1.1314422194484905 1.1316248657727892 1.1349389232791303 1.144742126644795
1.1314309141981134 1.1315100833441265 1.1351307921037197 1.1412782334087275
1.131430207053279 1.1315400669061608 1.1349329197926652 1.142344906283725
1.1314386755854593 1.1315478595462076 1.134654901350178 1.1429012136640027
1.1314397448033857 1.1316034095444776 1.1348568100486267 1.1434427648409897
1.1314339340674453 1.1315280136846397 1.13472401271086 1.1424794017206255
1.1314347487178165 1.1315416273412031 1.1347750140874129 1.1437563212707338
1.131436571124645 1.1315738699561873 1.1347447768873864 1.144769587633519
1.1314463453406065 1.131566866555102 1.134748753665727 1.143315835327068
1.1314326581199816 1.1315581239058579 1.1348389831447507 1.1454448894056426
1.1314360083028963 1.1315835492764776 1.1345491685098723 1.1433307418157133
1.1314385153683184 1.1315629663767486 1.1346658820367919 1.1441153764209753
1.1314363449399492 1.1315408428796074 1.1348496968739437 1.1420188363065382
1.131436399808906 1.1315314143499737 1.134736888342546 1.1433054253144221
