1.1313879712421837 24
1.1314015656630714 23
1.131382122973023 23
1.1313958000146707 24
1.1313918061579182 22
1.1314069431345786 23
1.131415461995613 24
1.1313997247292966 23
1.1314088204865604 27
1.1314282845985548 27
1.131401640324235 24
1.1316261672213315 25
1.131403105820741 25
1.1314156706743932 23
1.131397579397098 23
1.1314035151806288 24
1.1313980924704676 26
1.1313988118764375 24
1.13140456832081 25
1.1314372761413876 27
1.1313875357645957 25
1.1314413944267006 24
1.1313915730704835 27
1.1313894496836867 25
1.1313908128462424 23
1.1314072994713402 25
1.131395382618313 26
1.1313874239975372 23
1.1314003342344137 24
1.131382622710294 25
1.1313907651648898 23
1.1314141721438977 24
1.1314061271581175 26
1.1313820774048882 26
1.131411181387357 25
1.131390074952464 23
1.1313900359603482 23
1.131397305930351 22
1.131388030636187 25
1.131392529372889 24
1.1314016156028568 24
1.1314266590229687 25
1.1313881868837719 26
1.1314128107974688 23
1.1313789696746595 22
1.1314106574072047 23
1.1313876907109663 24
1.131400697365862 25
1.1313917114549619 26
1.1313956532088645 23
1.1313926900885565 23
1.131386246758874 23
1.1314093650992743 25
1.1313931591143698 24
1.1313993149771122 23
1.1314082700276087 23
1.1313946363419838 25
1.1314028549916788 25
1.1313938362368783 25
1.131401312351898 23
1.1313863643423332 23
1.1313938175286833 24
1.131422691812284 26
1.131441192262623 25
1.1314543875657788 24
1.1314061318765312 23
1.1313914298302934 24
1.131425217080264 24
1.1313937040640867 22
1.1313999799585126 24
1.1314003167492992 25
1.1314225750000704 23
1.1314430450162196 23
1.1313985363241925 26
1.1314058225516426 22
1.131392326647591 25
1.1313801330747337 23
1.1314275634078224 24
1.131410417419761 25
1.1313836254501466 25
1.1314063502149188 25
1.1313954948408094 24
1.1314074233006843 26
1.1314388725696582 23
1.1313901264439032 24
1.131402671334462 24
1.1313835829255967 25
1.1314308007541711 26
1.1314225751101905 25
1.1314298345753675 25
1.1313843426432877 23
1.1314183580801913 23
1.131393503694766 22
1.1313961672775528 24
1.1313898279185755 24
1.1313890667826534 22
1.1314169292989793 22
1.131412873342709 25
1.131385867658831 23
1.1313891824007773 28
