1.0770355908071214 23
1.0808812653837547 23
1.1106083100564321 25
1.114045068898682 24
1.076575279033722 23
1.0701364301205918 23
1.1198161549592762 25
1.0908435592609242 25
1.0791684145256497 25
1.0657411652279425 23
1.0894950621230879 23
1.0876753334744995 24
1.1141837265694228 26
1.0776975536772178 25
1.1142650337513555 24
1.0646856618523506 23
1.1014311865978925 24
1.0727742324312957 24
1.0837373357599576 22
1.0840282859193553 24
1.0902509750272182 25
1.0829543397482322 23
1.0761323142113488 23
1.095730350598977 26
1.087567213226846 22
1.0972053939623825 25
1.078113596509036 23
1.1045055070135932 24
1.06494443165262 25
1.1064933210449501 25
1.1224051853774708 25
1.0687728141198731 24
1.0766290977375321 26
1.0944194002335565 23
1.0820788989045056 24
1.0875567071111163 24
1.0937910616370028 25
1.095663208732715 26
1.1084858046421258 25
1.081330814749656 25
1.097397781785978 23
1.0695132551305901 23
1.0853617794956594 22
1.077676305825831 24
1.1033737172066898 24
1.0865280146862304 22
1.0766289088670606 22
1.11530142291509 25
1.0841907926878098 23
1.1039100550041767 28
