1.1315315129647867
1.131516792954896
1.1315108534492764
1.1315221227924845
1.1315223360781543
1.1315135334543218
1.1315950569836708
1.1315050743848432
1.1315416130315932
1.131534247397872
1.1315396809839162
1.1315478342625676
1.1314889917001925
1.1315185125986509
1.1315455340637668
1.1315275746811693
1.1315016239884337
1.131536919514826
1.1315880658468997
1.1315463788560784
1.1315384397450599
1.1315471516811861
1.1315292677265512
1.1315269826785508
1.1315324847828376
1.1315245410507744
1.1315328518659629
1.131535250772279
1.1315552588150828
1.1315208197396862
1.1315803527609547
1.1315764338315917
1.1315399587176607
1.1315422472297518
1.1315547941382964
1.13152166453718
1.1315987236719065
1.1315412408715193
1.1315492612449636
1.131543042063064
1.1315410374445158
1.1315492585366438
1.1315513628499783
1.1315628252011738
1.1315121691699086
1.1315808436007424
1.1315245550206376
1.1315463854205101
1.1315605672013873
