1.1315096594503056
1.1315427651576537
1.1315706257322444
1.1315588697922287
1.131541891714843
1.1315139456890713
1.1315560010513415
1.1315101606247986
1.1315421535167989
1.1315292868565594
1.1315203784567076
1.1315874554949006
1.1315315872788474
1.1315465855757256
1.1315542738598485
1.1315670109582228
1.1315212075040024
1.1315588390208162
1.1315433325756634
1.131514860957032
1.131567249424957
1.131547653008866
1.1315426217447448
1.1315179080250997
1.1315278734140224
1.1315328486380076
1.1315394713348823
1.1315449125778023
1.1315198866986211
1.13156099892525
1.1315448317958081
1.1315585467695906
1.1315273965775619
1.131555285915786
1.1315040345815084
1.1315606177115227
1.1315471629704685
1.131518010720005
1.1315522770470432
1.1314896510442936
1.1315383673006856
1.1315199770599857
1.1315719875121792
1.131571633324178
1.1315531354188317
1.1315375135246206
1.131524145935432
1.131569577285133
1.1315506517194633
1.1315582659864818
