1.1315269235106156
1.1315421104306527
1.1315231893403679
1.1315639606313175
1.1315726007503204
1.1315326903738459
1.1315693888466725
1.131547008807449
1.131567802988432
1.1315306635800826
1.13153162004224
1.1315209388197105
1.1315733345357792
1.1315405484048495
1.1315336627452168
1.1315800713962598
1.1315356512346026
1.131538938105619
1.131550818165071
1.131531052950665
1.1315521612564745
1.1315786548703635
1.1315659601828039
1.1315249704131
1.1315235624323228
1.1315529840984653
1.1315250054346027
1.1315825513693616
1.1315287576013264
1.1315301798686501
1.1315362320420002
1.1315383482620314
1.1315549196942616
1.1315810267880946
1.131549209406799
1.131541162595796
1.1315184836930359
1.1315674564019267
1.1315411735651266
1.131550041383343
1.1315511097126845
1.1315282613053133
1.1315378258355795
1.131519103823137
1.1315352838370945
1.131549181596583
1.1315203443782333
1.1315329157967966
1.1315572435216734
1.1315358879109587
