1.1315572963374219
1.131539844780177
1.1315418415620917
1.131559817511516
1.1315619634766279
1.131544149021658
1.1315166655612632
1.131554610623266
1.1315320907674546
1.1315422639117283
1.1315600849428251
1.1315453801840054
1.131515526084225
1.131530112474555
1.131508794899769
1.1315380363251042
1.1315598413418373
1.131526184087936
1.13156887828873
1.1315206521360477
1.131583272853957
1.131538185771728
1.1315531659573606
1.1315410552826763
1.131558680083321
1.1315460069472072
1.1315369168537612
1.1315385974355203
1.1315675541681476
1.1315836442080323
1.131572720752038
1.1315706448411265
1.1315456372403354
1.1315569138922177
1.1315402945880442
1.1315458693401714
1.131531698078037
1.1315407236348116
1.1315393969276093
1.1315469687434865
1.1315616610309591
1.1315467224517008
1.1315218365932178
1.1315237735288526
1.1315792000144365
1.1315193574157216
1.1315294198589716
1.1315380621331321
1.1315348082476988
1.1315578938428177
