1.1315190475292745
1.1315536314943007
1.1315391779469468
1.1315195300975684
1.1315079592327004
1.131516094577708
1.1315238885951964
1.131528895434806
1.1315288936105632
1.1315379728867727
1.1315714510052979
1.131517937623914
1.1315078035513253
1.1315347225974357
1.1315170502637055
1.1315280467306215
1.1315126391676096
1.131534381718017
1.1315401047957565
1.131562906055428
1.131528478894543
1.131515168490029
1.13154034525516
1.1315250849879626
1.1315545060820982
1.1315235597446875
1.1315387158408736
1.1315441832709898
1.1315614182285947
1.1315078987650824
1.131533749832643
1.1315247767873657
1.1315156523683703
1.1315193988494194
1.1315539553546712
1.1315566925162237
1.1315166166060642
1.1315413219103017
1.1315466457172436
1.1315426572035867
1.1315507799282944
1.1315639189480493
1.1315750353375509
1.1315243240424564
1.131541872175286
1.1315549584502935
1.1315322220825474
1.1315115803781657
1.1315244748655622
