1.1315507832080554
1.1315524776348764
1.1315291128546516
1.1315447159746934
1.1315320767733672
1.1315469481023006
1.131535555095873
1.1315381159966962
1.1315339292500042
1.1315453970415155
1.1315663803261158
1.1315499661568968
1.1315661304287077
1.1315397305964223
1.1315423218471699
1.1315516192617259
1.131505739606767
1.131530224239881
1.1315457178549828
1.131557864370775
1.1315253204773326
1.1315330336064253
1.1315876614608795
1.1315251838164093
1.1315510332021939
1.1315434580104935
1.1315327367168486
1.1315420087245425
1.131577445489993
1.1315553433455543
1.1315825134286148
1.1315423737790646
1.1315591993033962
1.1315559416125043
1.1315500469129895
1.1315413581577485
1.1315247680379346
1.1315112629322035
1.1315306231111584
1.1315388086613385
1.1315515960895963
1.1315777154965003
1.131539601671518
1.131555028370263
1.131531951839369
1.131568035201115
1.131535732087584
1.1315364576112548
1.1315172979567367
