1.1315483470804497
1.1315380959604961
1.1315932420268011
1.1315426320170536
1.1315631058709716
1.1315750824397004
1.1315564088505399
1.1315526125343847
1.1315332699132241
1.1315336525248676
1.1315434891002412
1.1315811734384458
1.1315188172259176
1.131529138217228
1.1315443395203408
1.1315652810699524
1.131547724955179
1.1316248657727892
1.1315100833441265
1.1315400669061608
1.1315478595462076
1.1316034095444776
1.1315280136846397
1.1315416273412031
1.1315738699561873
1.131566866555102
1.1315581239058579
1.1315835492764776
1.1315629663767486
1.1315408428796074
1.1315314143499737
1.131508563212295
1.1315498671246815
1.131587845091907
1.1315621987776894
1.131584647155321
1.1315879406055178
1.1315313803189324
1.1315337213411771
1.131547300699555
1.1315326868220181
1.131567183291357
1.1315809220107091
1.1315420953202295
1.131565227084851
1.1315270640079544
1.1315549469116952
1.1315491607853692
1.1315856185970345
