1.1315530604352269
1.131529503424653
1.1315793795838316
1.131544023612876
1.1315309161316458
1.13151617209221
1.1315511984039794
1.1315574858359807
1.131518686357092
1.1315859361544884
1.1315563688562431
1.131525220928579
1.1315495906536297
1.1315594164180294
1.1315694524247208
1.1315519467174564
1.1315612568759001
1.13154278099734
1.1315626888018178
1.1315420776974272
1.131528702350792
1.1315469291430742
1.1315785229821784
1.1315421973427684
1.1315103070093393
1.1315304168285962
1.1315729948190723
1.1315172974316818
1.131554873863493
1.1315553721664733
1.1315649865943576
1.131558389085092
1.1315141874018182
1.1315161484258
1.1315811997810326
1.131509096492451
1.1315267564460931
1.1315398235576708
1.1315482757114284
1.1315361186951163
1.1315108489045025
1.1315417224903508
1.1315426564829851
1.1315527001999894
1.1315193038592934
1.1315281340268761
1.1315268418108233
1.1315389858190714
1.131515725380723
1.131532779914543
