1.131521849727544
1.131554270330797
1.1315781875177513
1.1315862373272407
1.131549735522302
1.1315507446774582
1.1315115314334696
1.1315432758493158
1.1315123777773386
1.1315620308285186
1.1315429248447837
1.1316000823125314
1.1315599931129134
1.1315381247660699
1.1315161663962472
1.1315444892948
1.1315545482355926
1.131519267180048
1.1315245408761867
1.1315600441783078
1.1315381829894526
1.1315499691740807
1.1315547983095107
1.1315536429498356
1.1315164280867847
1.1315054900050248
1.1315623809982136
1.1315498610339012
1.1315588935741572
1.1315585745594317
1.131542111073528
1.1315402238938341
1.1315514449481583
1.1315673897708929
1.1315212260299674
1.1315618012315127
1.1315715557961383
1.1315546365402196
1.131520874137922
1.1315585241745703
1.1315447215605086
1.1315443255339865
1.1315270881056239
1.1315180950802197
1.1315407097768333
1.1315605892153366
1.1315552444298558
1.1315694746028298
1.131578647049888
1.131526096353992
