1.1315307566188821
1.1315652196120134
1.1315300465595877
1.131559739016705
1.1315598714839294
1.1315403223285607
1.1315489607983154
1.1315489928553562
1.1315295865688393
1.1315446834572955
1.131565033408757
1.1315379927787734
1.1315432761673485
1.1315605533478321
1.131527198118984
1.1315524667119397
1.131556860281984
1.1315564681992698
1.1315375517478194
1.1315605379969524
1.131557018708234
1.131526245160032
1.1315378051981742
1.1315273833885562
1.1315413400555094
1.1315453094433703
1.1315475319983217
1.1315396926265193
1.1315608676840747
1.131556958540461
1.1315528402533435
1.1315443865794172
1.1315004781148839
1.1315310433377705
1.1315174326823587
1.131550524631728
1.1315220058713653
1.1315988317453651
1.131541656287996
1.1315260281344897
1.1315617695699474
1.1315622219683237
1.1315604902069871
1.131540302888994
1.1315732761954198
1.1316010321292445
1.1315371029517893
1.1315116394709586
1.1315479158525537
1.1315330289313732
