0.010358358382752118
0.013800850953265375
0.009456609444512836
0.007823115661042256
0.003963815224565575
0.010840459933070295
0.006153751545259605
0.012401472031196905
0.005253997479711464
0.010174347494311214
0.00725668145930311
0.011980904664697938
0.004178855974374228
0.005475660336040023
0.006840408518240036
0.009834091187692674
0.003787632233305001
0.006072726759181978
0.007821918276551461
0.009016111789490097
0.006025844694686522
0.004205028204587332
0.011864804168575452
0.010540079138784393
0.009083650454857357
0.007439939980602464
0.006524730828955577
0.005186002094972222
0.002287175946069945
0.00822682661100132
0.011294380113630865
0.009758198987958672
0.004851661335682342
0.005849765631408916
0.007125571443802154
0.012286809203143512
0.006881791588948697
0.012842857577043624
0.011526254870875233
0.008416986979338141
0.009845309108326284
0.01435590996940526
0.010936766864312658
0.008153273025309814
0.01051954973541002
0.005030965711424809
0.007542873413362245
0.007231127691500312
0.004711639170453137
0.0070174195491595984
