/var/slurmd/spool/slurmd/job57773053/slurm_script: line 18: 75973 Killed                  python ../gPRM_script-1.py 2 100000 10 $i
/var/slurmd/spool/slurmd/job57773053/slurm_script: line 18: 80177 Killed                  python ../gPRM_script-1.py 2 100000 10 $i
slurmstepd: error: *** JOB 57773053 ON holyzhuang01 CANCELLED AT 2020-05-29T12:15:05 ***
slurmstepd: error: Detected 2 oom-kill event(s) in step 57773053.batch cgroup. Some of your processes may have been killed by the cgroup out-of-memory handler.
/net/rcstorenfs02/ifs/rc_labs/janson_lab/lab/junulee/janson-research/gPRM.py:77: FutureWarning: arrays to stack must be passed as a "sequence" type such as list or tuple. Support for non-sequence iterables such as generators is deprecated as of NumPy 1.16 and will raise an error in the future.
  path_points = np.vstack(self.V[ve] for ve in self.path[1:-1])
/net/rcstorenfs02/ifs/rc_labs/janson_lab/lab/junulee/janson-research/gPRM.py:77: FutureWarning: arrays to stack must be passed as a "sequence" type such as list or tuple. Support for non-sequence iterables such as generators is deprecated as of NumPy 1.16 and will raise an error in the future.
  path_points = np.vstack(self.V[ve] for ve in self.path[1:-1])
/net/rcstorenfs02/ifs/rc_labs/janson_lab/lab/junulee/janson-research/gPRM.py:77: FutureWarning: arrays to stack must be passed as a "sequence" type such as list or tuple. Support for non-sequence iterables such as generators is deprecated as of NumPy 1.16 and will raise an error in the future.
  path_points = np.vstack(self.V[ve] for ve in self.path[1:-1])
/net/rcstorenfs02/ifs/rc_labs/janson_lab/lab/junulee/janson-research/gPRM.py:77: FutureWarning: arrays to stack must be passed as a "sequence" type such as list or tuple. Support for non-sequence iterables such as generators is deprecated as of NumPy 1.16 and will raise an error in the future.
  path_points = np.vstack(self.V[ve] for ve in self.path[1:-1])
/net/rcstorenfs02/ifs/rc_labs/janson_lab/lab/junulee/janson-research/gPRM.py:77: FutureWarning: arrays to stack must be passed as a "sequence" type such as list or tuple. Support for non-sequence iterables such as generators is deprecated as of NumPy 1.16 and will raise an error in the future.
  path_points = np.vstack(self.V[ve] for ve in self.path[1:-1])
/net/rcstorenfs02/ifs/rc_labs/janson_lab/lab/junulee/janson-research/gPRM.py:77: FutureWarning: arrays to stack must be passed as a "sequence" type such as list or tuple. Support for non-sequence iterables such as generators is deprecated as of NumPy 1.16 and will raise an error in the future.
  path_points = np.vstack(self.V[ve] for ve in self.path[1:-1])
/net/rcstorenfs02/ifs/rc_labs/janson_lab/lab/junulee/janson-research/gPRM.py:77: FutureWarning: arrays to stack must be passed as a "sequence" type such as list or tuple. Support for non-sequence iterables such as generators is deprecated as of NumPy 1.16 and will raise an error in the future.
  path_points = np.vstack(self.V[ve] for ve in self.path[1:-1])
/net/rcstorenfs02/ifs/rc_labs/janson_lab/lab/junulee/janson-research/gPRM.py:77: FutureWarning: arrays to stack must be passed as a "sequence" type such as list or tuple. Support for non-sequence iterables such as generators is deprecated as of NumPy 1.16 and will raise an error in the future.
  path_points = np.vstack(self.V[ve] for ve in self.path[1:-1])
/net/rcstorenfs02/ifs/rc_labs/janson_lab/lab/junulee/janson-research/gPRM.py:77: FutureWarning: arrays to stack must be passed as a "sequence" type such as list or tuple. Support for non-sequence iterables such as generators is deprecated as of NumPy 1.16 and will raise an error in the future.
  path_points = np.vstack(self.V[ve] for ve in self.path[1:-1])
/net/rcstorenfs02/ifs/rc_labs/janson_lab/lab/junulee/janson-research/gPRM.py:77: FutureWarning: arrays to stack must be passed as a "sequence" type such as list or tuple. Support for non-sequence iterables such as generators is deprecated as of NumPy 1.16 and will raise an error in the future.
  path_points = np.vstack(self.V[ve] for ve in self.path[1:-1])
