1.140176763034766
1.140352458855429
1.138199559764494
1.1383644224845422
1.1399219404093035
1.139210172967012
1.141181815058676
1.1406921917839248
1.1429620929380562
1.1386259592395191
1.141411947943238
1.1388017449085739
1.1433448302632017
1.140029479022308
1.1398884016524196
1.1397818766807422
1.1372954034989031
1.142688536534267
1.1382925680085074
1.1410431568340051
1.1389379714313506
1.1393759945416273
1.1383429012275974
1.143447474382791
1.1396835300482036
1.143910114848817
1.1377299284176854
1.1423829509310102
1.1411411750844673
1.1391875286912458
1.1401090905468623
1.144416382399659
1.1375500211875496
1.140478570016283
1.1428326432283238
1.1410654886204223
1.139505195335319
1.1386935632829087
1.1382449538201267
1.1420046589438066
1.1407565503344885
1.1374347633686328
1.139492408641288
1.140237875515802
1.1397284427549867
1.140350551027976
1.139117990084611
1.138291274104768
1.1394381893132948
1.1396698754520793
1.1422021692705695
1.1420718087359807
1.1388248214077827
1.142327467489939
1.1431335048810847
1.1379787464264286
1.140188736366616
1.142237474724167
1.140430994868875
1.1429799805762684
1.138536467790184
1.1471433012536831
1.1406199131054193
1.1401524143925605
1.1427087539346399
1.1413430620773797
1.1398612523890552
1.1419384130799481
1.1390796978170916
1.1392094657782132
1.1383914928530081
1.1404494491085568
1.1380734303353905
1.1393646877593935
1.14044293319928
1.1408429847774597
1.1384725025143139
1.139029344740614
1.140319745104889
1.1401059281262542
1.1363416956015455
1.1404851347443725
1.141503768324995
1.1404475863902697
1.137241382792771
1.1384733728275247
1.1403721085377732
1.142317797632925
1.1415538290009868
1.1417516044039913
1.144774621115221
1.1411036756019228
1.1375530425595894
1.138764181962986
1.1417312650652793
1.1401749690497005
1.142951589152255
1.141410521810696
1.1407624824154534
1.139073241652412
