1.1397347143050423
1.1415623272717905
1.1398146692703528
1.1453464061603489
1.14178919436467
1.1386731811763333
1.1383299486988907
1.1393773615618688
1.1439690256653825
1.1432229250063861
1.1396599166648218
1.1414002911013619
1.1389262636439534
1.1435163304238487
1.1415913900183747
1.1414287102953167
1.141804554452785
1.1390513755430074
1.1417618106839016
1.141933179287462
1.1439531746633143
1.1401176013653476
1.1411349839725657
1.139387912851687
1.139132382406736
1.138017243609679
1.1402204273278143
1.1382535875474862
1.1399657381176236
1.1411073613048286
1.1426741790076749
1.1417802059104079
1.1407881702916751
1.1396275579863038
1.1418656303900498
1.1388853055080461
1.1418831037611765
1.1359851349652619
1.141419220949666
1.1384161041047702
1.1408231244523501
1.1415481435469474
1.1401334858666963
1.1410015053409206
1.14065271200144
1.1404811952993712
1.139501740299413
1.1398481345311857
1.1439615870335935
1.1395094339902276
1.1385532374214837
1.137314781309552
1.1385525951860571
1.139626423817497
1.1424405159668205
1.1391291216898163
1.1408454781741126
1.1405295332421472
1.1417129218392772
1.1407648022126577
1.1395446028121345
1.139183877328733
1.1425447723101774
1.1383947007426138
1.1381763255967927
1.1423809422481155
1.1399791182140258
1.1402672898578998
1.1369298092768723
1.140963800452024
1.1400043994230158
1.1418935551508058
1.1392410089303127
1.1388487448345574
1.1389487940142493
1.1402795278043
1.1382732504038047
1.1397898151934054
1.1395573919290074
1.1379492718914432
1.1429481556009669
1.1413812180491232
1.136860188707103
1.1396121949346416
1.1381814960974288
1.1372741499582235
1.1422268458342053
1.1387818918432606
1.1394367460203785
1.1393458984459162
1.1389282030886236
1.1382977740199183
1.1431773410318697
1.1370681913708756
1.143027275073381
1.138276897038489
1.1412533169448955
1.1408039272660306
1.1387598859450487
1.1402038849238438
