1.1401770009444807
1.1395175813581793
1.1402582187045416
1.139129748930512
1.1424768027011205
1.1423410697929053
1.1384204446071442
1.1395615939257961
1.1394650423925035
1.1406364859723743
1.142375513562353
1.1420125712112665
1.1400085584387512
1.138034250092976
1.1446652778817388
1.1403256839517792
1.140082960017929
1.1400877165306378
1.1414022296949728
1.14269443445543
1.1410861449440057
1.1389011598237768
1.1416537532509363
1.1395348743909854
1.1400843064048882
1.1384596097051531
1.1390080902739521
1.1398983859834104
1.143579176953594
1.1387786507062483
1.1402477667815392
1.1399417052720413
1.1423719051935461
1.138445894118976
1.1388888481895387
1.1406931006243743
1.1418609340004788
1.1411998845368307
1.1395278984889243
1.1415752922454214
1.1387227061124943
1.1392385411029078
1.1383354753758066
1.140266917933325
1.1421510899866558
1.1418141841536185
1.1468350885086518
1.138170506386151
1.141424280583493
1.1390080424961389
1.1395957972884485
1.1400333611339035
1.139963229252605
1.1377720542471403
1.1424247302922916
1.1376686218661107
1.1438999679893194
1.139237100158361
1.1398877761763524
1.1422618603612862
1.1404968224925045
1.1392432957280243
1.139708980187583
1.1403704118543523
1.143863001906614
1.1396724035036678
1.1384894274407003
1.143648590546137
1.1405991276194338
1.142330036911145
1.1397467025591927
1.1393852087564202
1.1422281040949505
1.1398531448024534
1.1405377796384304
1.1399520000127246
1.138071457904955
1.1401567953701486
1.1383937437214457
1.1400840373610448
1.137809333271971
1.1395771151774459
1.1402660444969173
1.1404775137684564
1.1398651742269614
1.141396268278036
1.140585691529608
1.14007061865873
1.1428254392089732
1.1401367460821186
1.1370216079135547
1.1417744768713638
1.1437151063547983
1.1405392453549053
1.1399607980972668
1.1422022673062404
1.1401558180709437
1.1410068400557614
1.1399588601332016
1.140387765819367
