1.1381479658265354
1.1404832628231312
1.1420816636910545
1.142857229125077
1.1396986871679446
1.1400498786457145
1.1427518686301188
1.1375718755416635
1.1406947414986233
1.1416615713897036
1.1386608261826203
1.1379245892174559
1.1412773584823457
1.1398941843659787
1.1410387208726138
1.139320262226689
1.1408980452100856
1.1398236674989972
1.1386360082664022
1.1404928053972252
1.1423650630388595
1.139959445685038
1.141142368838728
1.1413555986396207
1.1407686471186718
1.1387829757721346
1.139435419182041
1.1399695188040964
1.139548897079455
1.1414076504668464
1.1394962594509068
1.141985865908045
1.1401971775747999
1.141380944305854
1.1379575594171003
1.1408119268275003
1.1379209407796806
1.1401956431131117
1.1443687380959289
1.1388679394212768
1.1439378906987254
1.1396031558271211
1.1438434597016238
1.142088434877535
1.1373522140987729
1.141995136598682
1.1401866769507785
1.1402307899929474
1.1398698911320189
1.1421251332655453
1.1409589927250325
1.1422322331475971
1.1398611603192699
1.137854063973913
1.141290048989411
1.1382562374939749
1.1393139281381457
1.143136966528544
1.1381984230298474
1.1404552196567095
1.1421754871540717
1.1401617527090848
1.13828759075255
1.138137097313559
1.1407032003946485
1.1396157076660889
1.1407696569927948
1.14089296142297
1.1395153830768283
1.1406202833134922
1.1413033605736993
1.138167246982743
1.1411976136130753
1.1388992713066377
1.1395373540353442
1.1411025028006874
1.1400565796942341
1.140975681349149
1.1404519829114386
1.1422804093812735
1.1394832263373709
1.1418291237301772
1.1434304841441096
1.142470643063133
1.1398935393689649
1.1433856693576174
1.1408824581790638
1.1428232087142924
1.1395727367768052
1.141117322095845
1.139942029810955
1.1380412608464048
1.1390945905894794
1.1390496953589542
1.140324191231962
1.1402036878909323
1.1428613498848854
1.1390498746176168
1.1406407808451116
1.137839310970689
