1.142072623373427
1.1393641301171085
1.142189545311976
1.1422754686537457
1.1400408701240405
1.1425126408849784
1.1406553178685195
1.1417781456724159
1.142435793431296
1.1405113278811225
1.1386747669649624
1.1456736227366293
1.1401481015018404
1.1401468568825264
1.1375258278190792
1.1431465212466043
1.138454779559198
1.1356769459951783
1.1373298280756081
1.1400727532502823
1.1423909789954436
1.1429647358167765
1.1423292630434312
1.1406597160365575
1.142230721694519
1.1407772710504385
1.140739231783003
1.1399906846459422
1.141420553588433
1.1397859095583227
1.1378549036611147
1.1408216227732848
1.1395200420592055
1.1411518736742918
1.138747988827625
1.1391237476607725
1.1396743419784887
1.1437599662162157
1.1393700915967724
1.140654649772563
1.1402044201127282
1.1385097370211763
1.1407591120043261
1.1393190669552686
1.1391251868127912
1.1404279757543359
1.1424937673925515
1.139319024515198
1.1386425869373415
1.138314608502414
1.1375825061544134
1.1376645581597713
1.1401909435969553
1.1394203103398353
1.1384384386834385
1.1399218654892036
1.1406449197617943
1.1411643673216358
1.1382778736498174
1.1435270721483584
1.143178152608307
1.138993454990266
1.1397292335355529
1.1377786328212973
1.1390785677011943
1.1405604380032317
1.1410403534552378
1.1386030729480017
1.1393966023806776
1.1409619049803739
1.1416416563557366
1.1399665059664026
1.1400515912209794
1.1387576258043914
1.1409945173654255
1.1407399685727981
1.1429520062947223
1.1416648811839964
1.1406591905428904
1.138495476914548
1.1398648125761661
1.142581306847996
1.1469335737243218
1.141358749690623
1.1392590255737916
1.141208621970321
1.1413098919289357
1.1405446609555125
1.1385964691680583
1.1432770091305322
1.1386213107017544
1.1409698056737945
1.140751241624046
1.1404056469448705
1.1392047388338782
1.1423780110938437
1.1480441790961984
1.1412407212734483
1.1398218173487276
1.1387223078700566
