7.731240151973462e-05
7.331450240021748e-05
7.707618070993338e-05
4.624813507450909e-05
5.293823362384341e-05
0.00012530784915696104
8.743834955010665e-05
5.287251388854818e-05
8.551989898839148e-05
0.00010559558209759184
8.03297808391944e-05
6.460858932560102e-05
6.178829180116964e-05
6.311297346455518e-05
0.00012452643769185725
7.748622232197833e-05
7.470903828195853e-05
2.7079873541103235e-05
7.177286038507173e-05
9.065660625359975e-05
3.4378171697760544e-05
5.909162050780598e-05
8.172788734257888e-05
3.252582326441499e-05
3.8948964376846345e-05
3.555898312922402e-05
6.359330886039548e-05
0.00014093859432475305
5.2074436238004606e-05
7.14978484225286e-05
0.00011415361176747586
5.7670485683245746e-05
8.006312328916601e-05
0.00010165930683044397
7.132447898555838e-05
6.709436396663505e-05
4.783982522596138e-05
9.5879074209227e-05
7.152404995865679e-05
8.068582432107289e-05
3.4849921588793924e-05
0.0001350192661292575
9.561409766671754e-05
8.914177710087537e-05
7.733668395697205e-05
0.00010451947330700608
8.748671576097895e-05
0.00010712527523338899
0.00013069536643846118
8.433611765540694e-05
