17 1.1313713873447906
15 1.131371689400456
17 1.1313714062137707
17 1.1313716673979588
17 1.1313712259033553
17 1.131372080435408
17 1.1313723038826202
17 1.1313716661178055
16 1.1313724604630027
16 1.131371304107752
16 1.1313713918097856
17 1.1313717599385735
17 1.1313716607545778
16 1.1313719368875539
18 1.131371912185093
16 1.131371819791648
16 1.1313714173413116
18 1.1313718898748841
16 1.1313717219700827
16 1.1313715611444755
17 1.1313713539847183
16 1.1313716652910268
16 1.1313713599498647
16 1.1313719567477027
16 1.1313717672190058
17 1.1313716250525883
15 1.1313733349002857
16 1.1313717823915674
17 1.1313717077926428
17 1.131371462789435
17 1.131371483156363
16 1.131371594467779
17 1.131371504037122
16 1.1313716556575637
18 1.1313716878840363
16 1.131372060916326
17 1.1313716542046612
16 1.1313712635414146
17 1.1313713219285062
17 1.1313714496730582
16 1.1313711576766914
16 1.1313712696980531
17 1.1313716214707084
15 1.1313720864565004
16 1.1313716988162157
16 1.1313715928313406
15 1.1313712494361248
16 1.1313721871006697
17 1.1313715713519823
16 1.1313714975469236
