1.1314388023422992
1.1314163416139331
1.131430809390629
1.1315260122479767
1.131399929146867
1.1314054267634717
1.1314082767178362
1.1314067422965612
1.1314248335985668
1.131452766225493
1.1314161538079073
1.1314084421603683
1.131419738879097
1.1314440736844549
1.1314165751280378
1.1314136137667057
1.1314706518091557
1.1314267442197827
1.1314038326740108
1.1314241165713181
1.1314267706677161
1.1314078917136337
1.1314011632967453
1.1314110831669015
1.1314237054726548
1.1314066956989113
1.1314068711263843
1.131400076279393
1.131405241429124
1.1314027150443156
1.1314152773789867
1.131421768423142
1.1313968533370382
1.1314101841130622
1.1314133886273203
1.1314180393673465
1.131411101423323
1.1314397159075096
1.131420425813844
1.1314074672807843
1.1314132302495938
1.131415570410043
1.1314364941555246
1.1314247898561285
1.1314407548596792
1.1314035567721477
1.1314350440507306
1.131430407445964
1.131413413092186
1.1314154644021057
1.131419610475066
1.1314340049141476
1.1313973868592937
1.131413192040002
1.1314049482937842
1.1314228338405612
1.131416600478124
1.1314157844660369
1.1314256424700344
1.1314259108170166
1.1314137761124274
1.1314167576811307
1.1314457286476733
1.1314177092327915
1.131409978559113
1.1314137641003486
1.1313994049829978
1.1314308748618511
1.1314082621970363
1.1314283369823541
1.1314173150722417
1.1314110158618793
1.1314249717903955
1.131411970803001
1.1314040388518394
1.131429871758527
1.1314067446974132
1.1314028927609183
1.1314062879243445
1.131427795254399
1.1314224490065994
1.131408747951924
1.131412847957143
1.1314145368884687
1.1314009424855884
1.1314226605854565
1.1314154445583298
1.131429419883688
1.131436676999431
1.131442013183377
1.1314170274304285
1.1314298861090526
1.1314041949779452
1.1314099646983315
1.131426843894739
1.1313951422430437
1.1314339198662307
1.1314149783876999
1.1314166094134932
1.1314191925981736
