1.1420169896023846
1.1465483596543762
1.1438431425244329
1.1441441054728627
1.1449125417286865
1.1455161087742463
1.1448376916962284
1.1446353633137818
1.144071690207494
1.1473251240121312
1.1462008135060597
1.1445124082218618
1.1453252277491146
1.1426343735910345
1.1479108348071128
1.1473889119033556
1.1452670375054164
1.1453340247350134
1.1453185785403772
1.1452187705936792
1.1493147302350155
1.1446758745386585
1.1445319498686666
1.1471053851588582
1.144506310024146
1.142813996082085
1.1435951185219966
1.1438826725419278
1.1443808415601164
1.1443693608037826
1.1451359745441814
1.146638945398779
1.1463953536738254
1.1461765222421763
1.1444542324563993
1.1452258095644583
1.1469744427371222
1.1453495441796397
1.1457751634819267
1.1457099448218004
1.145064352753803
1.1460759613827554
1.1451858890735689
1.1447071732630802
1.147056771637562
1.1473206051306297
1.1457898006077196
1.1487150591110395
1.1453613823794815
1.1440364980026851
1.1481653040669635
1.1448663929793745
1.1450438958121463
1.1463512034809074
1.1492778195034627
1.1457110438825269
1.146563302892745
1.1461226155083524
1.1456471440442384
1.147047576744537
1.146988453617462
1.145896384285319
1.1484662661687934
1.1447930902446446
1.1461235986088019
1.1435121649052473
1.145417926265387
1.1441753857148393
1.144927264787259
1.1436466881268312
1.1426522040806433
1.1434348037625803
1.145483036344913
1.1460895547924141
1.146176241085652
1.1436949336218425
1.1450047238485568
1.1452200670729593
1.1467066098114491
1.1438697001850393
1.1447978784078512
1.147876059624016
1.1450424645897925
1.1442802358759687
1.1458263289340644
1.146729430912977
1.142696923821631
1.1454823009488704
1.1441183956095928
1.1426310744944488
1.1444292172264652
1.1458970430158193
1.1444989394507021
1.144087104524791
1.1456185700852914
1.144303553787901
1.1460691697582228
1.1430700143620565
1.1455364597246511
1.146636625259671
