1.131398634989955
1.13140970773756
1.131406004242373
1.1314180775714877
1.1314165601586037
1.1314234715991074
1.131412853222005
1.1314111702277607
1.1313993802898863
1.1314288339879437
1.1314197981898797
1.1314233342359072
1.1314029704801392
1.1314228810090645
1.131403823201527
1.1313998065393476
1.1314160614770148
1.1314184637309332
1.1314190085200584
1.1314244301330167
1.1314281262319261
1.1314222885483223
1.1314110547253877
1.1314270636059862
1.1314223915358435
1.1314096366256323
1.1314180161206904
1.1314133493404008
1.131407823481769
1.1314386511169487
1.1314153611339572
1.131407102433121
1.1314079085500437
1.1314166089904731
1.1314325612406666
1.1314080340083625
1.1314164245426723
1.1314026590631527
1.1314141819674777
1.131420258805977
1.131458356906722
1.131452587863366
1.131431800121812
1.1314147760451614
1.1314370932704172
1.131406702312573
1.131419571304608
1.131428605631685
1.1314143764024762
1.1314345454553716
1.1314328983731152
1.1314096639914022
1.13140872683395
1.13142057255486
1.1314117147828335
1.1314115809469858
1.1314221330010257
1.1314079117963902
1.1314261681610511
1.1314158530990674
1.131392582436858
1.1314255943135787
1.1314142293170828
1.1314142251988613
1.131429072167736
1.131429144816076
1.1314076458898514
1.1314112956088647
1.1314017560384007
1.1314137514974287
1.1314058994500928
1.1314404219794387
1.131417548556691
1.1314161981653719
1.1314314221774655
1.1314165801980616
1.1313948414330157
1.1314147867363513
1.1314305529629334
1.131420822417303
1.1314081016977877
1.1314138693335831
1.131418862069157
1.1314088442692893
1.1314232776399373
1.1314251843591916
1.1314016651031344
1.1314177743098326
1.1313982129249898
1.1314122803867879
1.1314310801490315
1.1314144955638956
1.1314237242236624
1.1314257322251826
1.1314173033973485
1.1314164902331048
1.1314229024574054
1.1313971630158584
1.1314151570585416
1.1314038591676663
