1.1314095651611003
1.1314100880546198
1.1314248439295058
1.1314193972809161
1.1314225633531725
1.1314061912921936
1.1314052058411646
1.131423930700484
1.1314112162603611
1.1314034755841182
1.1314031968114096
1.1314295441947333
1.1314385479006572
1.1314380030704676
1.1314171063431135
1.131413747599723
1.131460458201509
1.131410799893717
1.1314334882875128
1.131431897938998
1.1314436845150992
1.1314189962476637
1.1314136358150029
1.131418903724323
1.1314140522360403
1.1314120894242936
1.1314482362886467
1.131413402350421
1.1314133985272337
1.1314257164069943
1.1314202181521265
1.1314231922932991
1.1314187717734696
1.1314119112031582
1.1314169078441287
1.1314160397610005
1.1314016801661535
1.1314080080812325
1.1314564992241072
1.1314201846016536
1.1314278043044024
1.1313931762225233
1.131423334253643
1.131400051408041
1.1314107663678201
1.1313984344812194
1.1314213744634476
1.1313966919064737
1.1314316161146374
1.1314202213651066
1.131415075314693
1.1314086716747347
1.1314244554188642
1.1314185635212175
1.1314114060653795
1.131420799146558
1.1314261300182769
1.1314250079665171
1.1314067875531453
1.1314118795858166
1.1314098838168232
1.1314166923944435
1.1314125065399538
1.1314432938337067
1.1314433595198166
1.131417202634621
1.1314078599733435
1.131406943456515
1.1314084694174935
1.1314084365478951
1.131425853639343
1.1314168413354968
1.1314428820884628
1.131434087594633
1.1314178163406317
1.1314199162922047
1.1314456481102795
1.1314136880861514
1.1314079216159973
1.1314025426229524
1.131407936305743
1.1314296791649356
1.1314061059060256
1.1314349983948992
1.1314059162781744
1.131418222163596
1.131419226765402
1.1314213058234894
1.131417964617
1.1314287644549368
1.131423074800129
1.1314243921626326
1.1314161992841199
1.1314154120360664
1.1314146165263825
1.131414048790591
1.1314189494420603
1.131434373236578
1.13142832733913
1.1314225059942926
