1.145250528151903
1.1440654475957728
1.1459425876651648
1.1483627159513627
1.1457117804236077
1.1459059135554368
1.1474376306547167
1.145986130632409
1.1469946426584277
1.146162186298703
1.1445818446169151
1.1462943211222008
1.1450847538113864
1.145766375394194
1.1432028872672875
1.1434461981844322
1.1453617572718586
1.1432089739950901
1.1448764881104374
1.1437438951487304
1.1481017379780607
1.1447591287168264
1.1445948968732782
1.146159432351676
1.1452089904655989
1.1444129126052727
1.1474103845240822
1.1487143072642392
1.1447982959128118
1.1465496523154544
1.1453028263829492
1.1440979973128123
1.1430402007869245
1.1466275060982878
1.1464727837483388
1.1452557782179191
1.1436099897858159
1.1438572058523286
1.1485963599298792
1.145316309096689
1.146357495408189
1.1451493033488191
1.1448871727094594
1.146707850523935
1.146370327983645
1.1463932354632418
1.1452724825148166
1.1443400753865192
1.1458241495567003
1.14697848400147
1.147093236412207
1.145538005198265
1.143996993054441
1.1454875576761407
1.1456982055480045
1.1464286622304116
1.1432459037141285
1.147238766543629
1.1459868103832345
1.1462840973942878
1.145251910621291
1.1478911439819603
1.146284766902572
1.1449868657032762
1.1443670039993135
1.1482329399640474
1.1432043357990402
1.1467448459441212
1.144512918400676
1.1457288117007745
1.1465634770623696
1.1443612409633173
1.1453318402101083
1.1439675058786842
1.144471530388
1.143976373174189
1.143875080815197
1.1453709604657247
1.1457907764112438
1.146094774737284
1.1472486227854635
1.144583988401047
1.1462130197011733
1.1435271917938779
1.1465029474562114
1.1438061328298263
1.1435183319316817
1.145501488121096
1.1450668918769729
1.144697405110386
1.1441615878876215
1.143880664261392
1.1455856159257916
1.1441490717829834
1.1447115099023695
1.1461976615115832
1.1466273390949329
1.145203064273637
1.1445870467032018
1.1470705983715335
