1.1314169265561258
1.1314309577408619
1.1314076223091543
1.13140674832582
1.1314144482974957
1.131431111628495
1.1314586188554212
1.1314325959977507
1.1314296558448218
1.131413127610554
1.131411772825024
1.1314133286341033
1.1314210053241014
1.131419429745661
1.1314192638002132
1.1314183164096832
1.1314079010567655
1.1314265603184055
1.1314000747093342
1.1314103441713124
1.1314359260542444
1.1314306566808874
1.1314088430452933
1.1314122414989929
1.1314301358177774
1.1314523422211953
1.1314089390570512
1.13141448772689
1.1314115681446408
1.1314208035793158
1.1314226552954922
1.1314137716609678
1.13141746160627
1.1314111801992068
1.1314142173395723
1.1314221852855761
1.1314052117042313
1.1314173221975115
1.1314007165171707
1.1314232089877228
1.1314100404047416
1.1314128443416642
1.1314003898738714
1.1314312372163562
1.1314073233131015
1.1314275351141045
1.1314066038996216
1.131415566961107
1.1314178602091318
1.1314219024136363
1.1314143532851662
1.1314107682215164
1.1314169693918052
1.1314185702753223
1.1314289638452848
1.1314094351035835
1.131427138848055
1.1314298357556691
1.131396179654316
1.1314310330087856
1.1314073002574272
1.1314080813726441
1.1314059512967263
1.1314098611826533
1.1314248643885367
1.1314180964451448
1.1314147412106246
1.131400874910683
1.1314236789211318
1.1314103470504417
1.1314322808425983
1.131408121088152
1.131416578799862
1.1314086179774765
1.1314089244422565
1.131477000025513
1.13140274124401
1.1314223059565376
1.1314067958157668
1.1314131481544174
1.1314234106107754
1.1314123554656275
1.131427988118924
1.1314063147917193
1.1314327839813534
1.13141091820973
1.1314282156355677
1.1314254275724613
1.131429730783232
1.1314282729049474
1.1314133139759266
1.131424517352702
1.1314082545882302
1.13141041275635
1.131475962094526
1.1314297258832533
1.1314140984828747
1.131407267915416
1.1314367829318615
1.1314191783015568
