1.1314167081249102
1.1314272545569346
1.1314078584840308
1.1314176808989338
1.131412789880955
1.13142413470566
1.1314098546672868
1.1314091184685924
1.1314192042042546
1.1314101457609496
1.131433502312494
1.1314058803084026
1.1314159280019338
1.1314103764838481
1.1314236924752912
1.1314289246527947
1.1314039110182315
1.1313977994426552
1.1314264382603068
1.1314010397680039
1.1314312169913994
1.131420807340234
1.1314194237277124
1.1314160770708963
1.1314216871298217
1.1314134497144817
1.1313985353843699
1.1314034383411666
1.1314135047764982
1.1314109335536757
1.131420999228863
1.131420933760667
1.1314158112872021
1.1314435197563035
1.13141534886297
1.1314081211394984
1.1314004455050002
1.1314177398168161
1.1313967190466463
1.1314072749150403
1.1314406632816265
1.1314084200833936
1.1314232352609568
1.1314415947924243
1.131423760325555
1.1314344793675135
1.1314147405880177
1.1314184690326263
1.131416770976116
1.131406644589807
1.1314311530704686
1.1314565357365207
1.131419934682667
1.1314088643198101
1.1314133330932217
1.1314344618381524
1.1314166940599295
1.131415414322194
1.1314081607409434
1.131406827241587
1.131463242970673
1.1314051230274382
1.1314035259542965
1.131432692175445
1.1314438158213096
1.1314392035828884
1.1314169251730055
1.1314130956105326
1.1314152663262291
1.1314294686005488
1.1314019945905247
1.131408015617016
1.1314250463789446
1.131418841063068
1.1314090694831453
1.1314181950571767
1.1314178440106015
1.1314076085196498
1.131410884775468
1.1313996451467332
1.1314124581552867
1.1314159674344613
1.1314210746275764
1.1314169031293606
1.1314451691435659
1.1314201347060153
1.1314083451247294
1.1314181262882408
1.1314083971117783
1.1314461973422547
1.1314131463112462
1.1314146861261793
1.1314268706211035
1.1314141278956138
1.131426348231317
1.1314006189066967
1.131411542443487
1.13142750080355
1.1314094873455187
1.131435723278009
