1.131427655923683
1.1314239904630803
1.131404333481548
1.131410751034341
1.1314111001581453
1.1314054968226315
1.1314131455091252
1.131440314692132
1.1314103138341327
1.1314093728814194
1.1314088454374376
1.1314090825138081
1.1314108107795593
1.1314083483030715
1.131424698715994
1.131404838174881
1.1314066179412996
1.1314074804348293
1.1314206808471392
1.1314036777367769
1.1314073149690327
1.1314420694107201
1.1314130008605907
1.131413782334902
1.1314234740017894
1.131423501987698
1.1314090779935415
1.1314065137542684
1.1314083712817256
1.1314297487245517
1.1314318237119065
1.1314266385800698
1.131412638978275
1.1314002805380203
1.1314119632178927
1.1314047802401803
1.1314209560473605
1.1314173368197888
1.1313963701649743
1.1314291494412323
1.1314028303261057
1.1314048270568864
1.1314125672610043
1.1314064296287634
1.1313983752416898
1.131412246671529
1.1314128448051919
1.131430707459969
1.131409078847044
1.131415248944862
1.1314302145489266
1.1314026437481834
1.1314096526147195
1.1314119454155156
1.1314046663894821
1.131416995059791
1.1314124313531586
1.1314161667121894
1.1314000285401755
1.1314208773563013
1.1314186558427661
1.1314068546950329
1.1314157348731488
1.1314131620414372
1.1313919999451103
1.1314171285188142
1.1314128332734261
1.131424220898601
1.1314311753254773
1.131416849861926
1.131396364344452
1.1314347499294102
1.1314169930026003
1.131427328393825
1.1314200456224441
1.1314119374394607
1.1314110204468197
1.131411184343538
1.1314197708633746
1.1314311764958438
1.1314112210050398
1.1314150673883185
1.1314277667215995
1.1314163767208212
1.1314194776601303
1.1314242211113856
1.1314158822767209
1.131441257005699
1.131423821343464
1.1314012845031676
1.1314297218208595
1.131428464294204
1.1314302216803023
1.1314184784246628
1.1314198251183731
1.1314341095912004
1.131427840341454
1.1314100078710005
1.1314129593116484
1.1314183040665469
