1.131410182014207
1.1314131790265105
1.1314328108667295
1.1314238640906293
1.1314177956103428
1.1314379034248414
1.1314048900826172
1.1314218001772556
1.1314177438226234
1.1314237706487622
1.1314152411622982
1.1314290386074926
1.1314097123110056
1.1314006407715997
1.1315438152200734
1.1314160749431648
1.1314074098557652
1.131409609057649
1.131408859415347
1.1314154487842578
1.1314291606095892
1.1314367736121016
1.1314142373100595
1.1314158738728242
1.131414957061251
1.131433225186065
1.1314163686735776
1.1314003562186408
1.1314261229678744
1.1314094080195827
1.1313974806235465
1.1314184350821923
1.1314155083278916
1.1314102166148963
1.1314057363874257
1.131412538659031
1.1314358335549042
1.1314137609087629
1.131403814662544
1.1314018540242623
1.1314209296771631
1.1314000731420455
1.1314215592198154
1.1314313645451852
1.1314136064754077
1.131419103702096
1.1314079412104403
1.1314048736929716
1.131414067556017
1.1314383553476035
1.131414154734277
1.131418408037558
1.1314205227753844
1.131480514900483
1.1314214868588002
1.131401395079039
1.1314107758035374
1.131405981070573
1.1314169410939374
1.1314075478314196
1.1314273805813173
1.131461814981698
1.1314034093429615
1.1314164231710333
1.131411799547342
1.1314109038410494
1.1314243252256828
1.1314136092097549
1.1314216157230839
1.1314191358833487
1.1314205195234839
1.1314068365029117
1.1314499381558618
1.131437162834938
1.1314188201387216
1.1314194340700283
1.1314034047782764
1.1314402300110216
1.1314259373072064
1.1314144937782886
1.1314075211108363
1.1314146611669078
1.1314133299299018
1.1314268905084839
1.1314293255210073
1.1314038184237012
1.1314022195905957
1.1314254260317766
1.131417921492217
1.1314096884727247
1.1313971598864592
1.1314185581040468
1.1314342335308558
1.131414489747713
1.1314141303824157
1.1314133347351576
1.1314160671864648
1.1314145093048695
1.1314151983658687
1.1314078686317126
