1.146465388948329
1.1461381259570695
1.146768639698864
1.144619240930832
1.1478585100162237
1.1438406194319013
1.1474746683147876
1.1447778124385375
1.1445900535482305
1.1469297039089164
1.1465141042314908
1.1449494451588835
1.1432860954693416
1.145714075206741
1.1470827224529778
1.144940654487356
1.1456223407672392
1.1452878354524154
1.143082564094796
1.1451485590657788
1.1443229485304438
1.1436999210088954
1.1469175711741786
1.1462648242851223
1.144021382295272
1.1477002357758117
1.1457256500524842
1.147614993898104
1.143457283333522
1.1447841011266262
1.1455997392733757
1.146688128382409
1.1456531207331915
1.145563551533004
1.1437656889157184
1.1453328488690386
1.1455548844265762
1.1443173880185133
1.1468279659501377
1.1475513595766225
1.1437070750051206
1.1447895182882526
1.1448243822028488
1.1447644935885515
1.1456157140637346
1.1459896296060768
1.1453983269088786
1.1454322542270372
1.144128902064992
1.1456404619768408
1.1452319486912967
1.143848146838025
1.1441433480515313
1.1464879789540425
1.144384211026241
1.1430912485901594
1.1486757187857317
1.1433898236039215
1.1447347484099444
1.1476803732086363
1.144370742244522
1.1450189247869575
1.1443500495406733
1.1459175504070145
1.145239569049354
1.1445111393347367
1.1469766874933447
1.144136212776646
1.1472360466167604
1.1450443461979225
1.14709157524831
1.1456768695214576
1.1457944626635455
1.147030063282584
1.1477617876882007
1.1448983133045048
1.1455454257066955
1.1475024937161162
1.145534588978542
1.143951779202847
1.144257613240045
1.1475730697851345
1.1458847895468476
1.1464236527202727
1.1430399012023118
1.1448137616682978
1.1456033794284959
1.1430976602764789
1.1460996117202773
1.1447762130969994
1.145673213821246
1.147143887146709
1.1428418063007542
1.1462574146126399
1.1455730231215655
1.1437664100002556
1.1476022461053128
1.1487147425343034
1.145727073696737
1.1463880568107405
