1.1314058027477927
1.1314042436088037
1.1314244457568705
1.13141496327631
1.1314035922594057
1.131411926310518
1.1314284941115325
1.1314207285991846
1.1314077614501712
1.1313914374680056
1.1314122596725769
1.1314146556635745
1.1314172875531718
1.131419686642906
1.1314422408214333
1.1314126578114458
1.1313923995761943
1.1314307742431742
1.1314225760144612
1.1314104962506515
1.1314206409186454
1.1314175098902886
1.1314251715881256
1.1314200245239976
1.1314154538315704
1.1314147885411445
1.1314213685665606
1.1314102634725602
1.1314325516825128
1.1314404106824298
1.131397575893764
1.131419294452303
1.131413138130749
1.1314167720209118
1.1314084943508405
1.1314124197689857
1.1314296158449035
1.1314115582518198
1.1313994620995498
1.131413654492808
1.1314260033554975
1.1314340058007915
1.1314288477495542
1.1314439800850953
1.1314022189468838
1.131417051085723
1.1314245526477957
1.1314196392118434
1.1314228256812364
1.131413685629675
1.131413551671367
1.1314223867969455
1.1314027848740942
1.1314277801969035
1.131411182104539
1.1313979086781447
1.1314153796708237
1.1314416871625563
1.131407147085666
1.131416415758913
1.1314352014028177
1.131412004644765
1.1314348849012643
1.1314102325122894
1.1314037163340689
1.131399966839807
1.1314095273390743
1.1314239996356812
1.1314037616772321
1.1313927645706416
1.131413520998179
1.1314385751190132
1.1314243583995747
1.131406533466806
1.131419241718542
1.1314199475006195
1.1314146970589098
1.13141106447706
1.1314084951581256
1.131407483758987
1.1314208371538388
1.1314237305186927
1.1314249897562134
1.1314272732798445
1.1314130060029102
1.131400495256451
1.1314199948593515
1.1313982487074001
1.1314130411514278
1.1314168871386239
1.1314436265446661
1.1314801152683303
1.1314095412939575
1.1314158606379385
1.1314201824416839
1.1314012781243503
1.131413877892838
1.1314173591961822
1.1314140033720637
1.1314088458981182
