1.14417958415722
1.1451627694580817
1.1453300323503333
1.1464480607693979
1.1461307803339065
1.1428391664673605
1.1439321447410251
1.14806318117504
1.1457050241859397
1.1446470960430801
1.1458533900060994
1.1461753057065147
1.1469214482216967
1.1471175828364186
1.1444535676236578
1.145445246083613
1.1447617909826981
1.1448796344137129
1.1446613215291084
1.1445298586630919
1.1450704624795494
1.1431984502725734
1.1442701965498436
1.1466981066139768
1.1454619843435434
1.1470793914195272
1.1464363356582328
1.1426195347345343
1.144349079302543
1.1466295308428567
1.1460392228738152
1.1470923233554173
1.1455530054237706
1.1473653314947883
1.1431835803322627
1.1448881317178994
1.147185447485264
1.1457523745202305
1.1450694390206675
1.1488189844009276
1.1458520335148932
1.146109841232363
1.1468590670062713
1.146332291606548
1.1467126197334945
1.1471819451300134
1.14560756628967
1.1433090602264269
1.1482017133789137
1.1463601087268431
1.145050549834461
1.1478315351413109
1.1461026087763784
1.1428712468082405
1.1441453158669506
1.1449477451023184
1.1457652098855888
1.1440740267768976
1.1442708508752621
1.1475659339863864
1.1463389901182333
1.1466173048203214
1.145477696959092
1.14856762496026
1.1438353526125706
1.1454367776954961
1.1459242921494137
1.1457291803337157
1.1450375724147603
1.145408129797547
1.146253348807834
1.1439959990346953
1.1455880794406106
1.1441204442330895
1.1464486327628243
1.1429357509316695
1.1433253781884893
1.1491648589660965
1.1436555682319305
1.142896225150017
1.1455559800274477
1.1477566264526688
1.1465110732474237
1.1459554985126228
1.1433681502742885
1.1446811572968698
1.1440233749921394
1.1443300559430782
1.1425843128521735
1.14564410070075
1.1452502768286663
1.145474808736021
1.1451050237732
1.146618572415273
1.145629427129994
1.1455477666891023
1.1425040946957459
1.1461462066795616
1.1450424557958883
1.1450535326278004
