1.1314195101318736
1.1314154301160821
1.1314204721520191
1.131418857854383
1.131424940046282
1.1314320840165535
1.1314107600952599
1.1314142142993577
1.1314084914126314
1.1314127155456681
1.131418888841059
1.131423983724956
1.1314137116891083
1.1314134539047391
1.131401154241293
1.1313994019859572
1.1314249934602563
1.1314094392282712
1.1314526586067615
1.131408310070511
1.13141688894612
1.1314141832542741
1.1314280074604735
1.1314282626661487
1.131411515010252
1.131422165159339
1.1314200218062147
1.1314033111924162
1.1314116803664696
1.1314264268972765
1.131433035223688
1.1314031453537252
1.1314314968731058
1.1314119195980565
1.1314265244292003
1.1314145350998588
1.1314137512637852
1.131415817165031
1.13141062293528
1.1314263168920913
1.1314180887315763
1.131419190327942
1.1314107046742832
1.1314244270486065
1.1314107980432424
1.1314202122100032
1.1314348519618924
1.1314037448029155
1.1314236550256216
1.1314209469748062
1.1314095428955684
1.1314200110032626
1.1314118347841768
1.1314241508127074
1.1314062368626525
1.1314235300693092
1.1314099467623495
1.1314112944460697
1.1314098810735382
1.1314163175167187
1.1314085537457388
1.1314254234822954
1.1314299543726358
1.131400965741494
1.1313992777532738
1.1314136631148004
1.1314069732866983
1.1314161255525372
1.131438446492427
1.1314250542796467
1.1314224219547935
1.1314032272900767
1.1314052899947198
1.1314066364674524
1.1314268428060608
1.1314194229350618
1.1314137470526064
1.1314295465813327
1.1313996605829026
1.1314113592606276
1.1314194626810494
1.131443141735802
1.131422859101477
1.1314006590327474
1.1314153506873679
1.131420718959748
1.1314074601258082
1.1314128727728774
1.131432064407984
1.131431847149645
1.1314287768505191
1.1314307356715305
1.1314194817654184
1.1314219004288395
1.131414865025178
1.1314166894953785
1.1314125351257627
1.1314192977875976
1.1314236114734186
1.1314036328498724
