1.1459263235564885
1.143247031169916
1.1436283107679825
1.1429281857772557
1.147258343998794
1.1450774332343836
1.144662424631665
1.1493994409308466
1.1470122335768327
1.1467842360444498
1.144284557309636
1.145606996397831
1.1458923037036557
1.1451310360760059
1.1451150570204793
1.1459560741369628
1.1440097412092851
1.1452828115859983
1.1459837610837917
1.1444051492056069
1.1447317547084566
1.146618554232286
1.14423423666645
1.1433893803596362
1.1452365820744521
1.1459626771550038
1.143247007594377
1.1441726420634484
1.1440602926601768
1.1460635473555698
1.1446151605345178
1.1445984534135472
1.145811219964234
1.144716430131479
1.1460634230791669
1.1483031562367219
1.145358493233332
1.1448433254145038
1.1424333552677837
1.146645921259425
1.14394155875529
1.1463057214324064
1.1433005114536852
1.1433746140600662
1.1460216733238453
1.1456230936095324
1.143845705601745
1.144930309463562
1.1423887491221358
1.1471057879877753
1.1441781644860318
1.1448671227595202
1.1454146446105395
1.1459920314177954
1.145289988227277
1.144399441113718
1.1453754264010547
1.143241739241766
1.1434728505250662
1.1466616925442281
1.1457788240588693
1.143394943892436
1.1439429950551447
1.1467517652694057
1.146413227302258
1.1469142132668584
1.1441471930752525
1.1459952996152813
1.144460882283178
1.145064003202356
1.1444161855653807
1.146288788921153
1.1449540676511378
1.1459635063365148
1.1432098780506792
1.142288269791182
1.1444945803940811
1.144139881361291
1.1432381045130156
1.1434087182057717
1.1440933889674456
1.1431018173139855
1.1476659484250902
1.142958602332952
1.1455037311734855
1.143691380889398
1.1453033200440588
1.145653849761353
1.1450152878386166
1.1445064057468013
1.1471704974172339
1.145825640675438
1.144198741772174
1.1419543241205905
1.1448567382041723
1.146017584384396
1.1442582248020459
1.1455061364681212
1.1474170916745192
1.144918773088742
