1.1436798643739066
1.145401150116011
1.145988727110064
1.1476045534225168
1.1459360813820332
1.1457612149962078
1.1438845854279094
1.1442736110599199
1.147129884424794
1.1475109247282074
1.146238252687404
1.1434356507695598
1.145257871207878
1.145995619249164
1.1458996910149029
1.146282715447382
1.1452597685392818
1.1448590494001845
1.145719014793572
1.144368174700951
1.144341996466549
1.1477585571091087
1.1448063473361272
1.1443972847421893
1.1454647419928337
1.1459435477380802
1.1455804414143904
1.1464602171341587
1.1447689655282023
1.14564964784465
1.1445394923004342
1.1448179163554488
1.1430720612843093
1.1453455048079548
1.1462829786090851
1.1461257534703406
1.147472231579934
1.1458088202993726
1.1453734356638439
1.1454857182358877
1.1451301014527537
1.1444796791632255
1.1457859440862879
1.1455528249244467
1.1461640083489923
1.1438189841585273
1.146036218989126
1.1490399569724763
1.1423539519311894
1.1474820601930766
1.1457521023078456
1.1470415559090341
1.145349874600719
1.1449925720046452
1.1435915491939528
1.1436537254308894
1.1435160725633695
1.1463777389822731
1.1453170756798525
1.1433616873752845
1.1442877888399539
1.1481426244195194
1.1474707258446
1.1449628222315413
1.1450872440861206
1.1451545931981655
1.1432074805192645
1.1451335915887917
1.1449215358520652
1.1484017488553109
1.1445438584571064
1.1469596039577354
1.1461651236594679
1.1432640430724548
1.144734708777687
1.1463357832475043
1.1454113890517388
1.1450516705267788
1.1431941405489279
1.145441600535497
1.1442778715839723
1.1471493564305342
1.1431116079976487
1.1449271219190986
1.142708737128771
1.1467289193985528
1.146112126073915
1.1420745161195482
1.1473729578014191
1.1461822981590812
1.1454230747325087
1.1433324995357816
1.1504983136851017
1.1448972770565269
1.1436205508338408
1.1433339483277571
1.1462937571320366
1.1449907321406378
1.1427086279266485
1.1445589239843845
