1.1463910422599024
1.1446345807855693
1.1439805749117113
1.1450173612627612
1.1455798888347362
1.1489422990651916
1.1458582818870715
1.1453720723748768
1.1450491277806945
1.1461826284508336
1.1461275315038448
1.1441946290024072
1.1460350716206145
1.1475302776494725
1.144604704262771
1.1459433061218833
1.1451351993298808
1.1452858559153307
1.1463735860373032
1.143629428523527
1.145342051506434
1.1433975582181575
1.1459950639234682
1.1450731323278371
1.1433745647750346
1.1438630904883382
1.1468936071394633
1.143807729386991
1.1455995005808772
1.1457001309552766
1.1449313654951545
1.1460911901097546
1.1446099637280498
1.1471251050272593
1.1452268678552695
1.1438601795492438
1.145025921482505
1.1429308468511197
1.1463619944039203
1.1468183422977907
1.1456471287525951
1.1466538509341953
1.1450883771443474
1.143427266151627
1.1421532989507086
1.1447372980960233
1.1443587188876243
1.144951468143007
1.1446578489002737
1.1449467371400215
1.1430113820557661
1.14884317558286
1.1475108639866167
1.1435991505261067
1.1466069340141352
1.1429750763984372
1.1468660502579422
1.1484631131743692
1.1481980566535164
1.1476626166886987
1.1474243382435347
1.1450344701580555
1.1463523340728035
1.1445513839382147
1.1449725890886198
1.1458769332893877
1.1476247753622388
1.1452408907088723
1.1432395307467564
1.1446011783292935
1.1437154765204205
1.143252267303526
1.1464115646912219
1.145968934283796
1.144363568863029
1.1449217547191466
1.1468405386515077
1.1434335378565696
1.144674379337103
1.1438212907690988
1.1474246595893145
1.145269418008032
1.1472542798564
1.1452012949516193
1.1448561661067629
1.1446606618167166
1.1480022891624684
1.1444328581614605
1.1474167223278344
1.1455142600563417
1.1475368572833624
1.143509310514806
1.1488451652918803
1.1462165867121363
1.1463347218575242
1.1447071611699664
1.1427659771516672
1.1467618150732157
1.1437080707431948
1.1466888060915046
