1.1473510553569783
1.1438529776613382
1.1449348169348776
1.1450182337779096
1.1475778959559326
1.1463941145407233
1.144606221533389
1.1490299454741317
1.145923960649119
1.1457111366159622
1.1463089136404352
1.1477926748599507
1.1450480187905696
1.1449913680571229
1.1423372847103408
1.1459377146147849
1.1454317317351557
1.1440142677482832
1.1431809441794636
1.1453631132053814
1.1450370866340498
1.1449787154824118
1.1435130496844657
1.1490382669208279
1.1457475116077598
1.1457871155041641
1.1440996826602905
1.143441451629544
1.1432509014583208
1.1454355865050663
1.1433254374408237
1.1471367553412977
1.1461280599509742
1.1495773517283685
1.14708967367605
1.145058500763592
1.145528555647037
1.1466659680411468
1.1448248797104486
1.1444837834237511
1.1448728674281583
1.144033502966365
1.145155624623934
1.1456272709830977
1.1467425409282679
1.1446506430900805
1.1439002339885418
1.1455592944007658
1.1415472912141031
1.1439015633870582
1.1452047255531892
1.144785851020621
1.1460306745520235
1.1427957340151274
1.1478227000700496
1.144454668169153
1.1454974603736876
1.145801224869603
1.1478362235735626
1.1451022509331439
1.1452273137042484
1.1468950172793488
1.1482928874975706
1.1455337921165771
1.1472071506855042
1.1468331515206702
1.1481310644986877
1.1464813451932996
1.148019880172427
1.145570069448492
1.145981316333427
1.1434721601077433
1.1476491132052358
1.1472556806960983
1.1446770660691719
1.1437516929151699
1.1445361133471526
1.1451449662307152
1.1453216505246326
1.1451646137311609
1.1466433827686588
1.1437908515424287
1.144010584771292
1.1456712779367986
1.1462718540813073
1.1413788796476325
1.1482860113498072
1.1445690257546617
1.14336060833422
1.1443858443645176
1.1473227253083713
1.144565130838674
1.1488457925812972
1.14468898012096
1.1453871464330014
1.1441583538737201
1.1455805853244012
1.1450539877927526
1.1459274549307994
1.1444402776536986
