1.14469540134435
1.1472868699356722
1.144903115124594
1.1466541783611912
1.1434512361513294
1.1471028504502696
1.1458529931302521
1.1457150345280742
1.1438293650876585
1.1493040709663316
1.147138438811441
1.1448670202761522
1.1456849835930916
1.1451981325935359
1.1437148684283176
1.1470692552136668
1.1437662398766806
1.1460041314230653
1.1437200113449122
1.1432483222288579
1.1441367625506722
1.1453208082150745
1.145103932458544
1.1445939367646005
1.1474633215709056
1.145680230222214
1.1445161680351923
1.1453392285175452
1.145204447723362
1.1441068982444615
1.1447648339909624
1.1442115307104737
1.1448992569625709
1.14546752162695
1.1451941591236532
1.1457446460803633
1.1457864173644825
1.1445106949564714
1.1482626766122317
1.1448281498485675
1.1446549466064968
1.1476278140779848
1.1442611204358686
1.144149779169938
1.142410832550995
1.1448353642160563
1.1430589237525128
1.143076277303286
1.1434046747115627
1.1478684281437295
1.1448377577839906
1.1448242231621486
1.1437395922607922
1.1455215108853918
1.1433925455537655
1.1456446380943417
1.1449334467049537
1.1449184510687427
1.1476355748750515
1.1445869598688239
1.1441891632779995
1.1468124849963621
1.1446873129675799
1.1473475463089993
1.1431122582410433
1.1453581769785108
1.1466103372452845
1.1459601431462214
1.1454239738853342
1.148299632794126
1.145155536411362
1.1461618934080489
1.1441966545669755
1.1487326592863367
1.1441299246939105
1.1437478691947975
1.1457924396914272
1.1443550632891695
1.1455655003909266
1.145248154377392
1.146345859604708
1.1453068589570954
1.1451332400953866
1.1441714477564997
1.1446686424859416
1.1444905669769598
1.1461199276670495
1.152194614039336
1.1458061351461677
1.1446067084554041
1.1439015474686325
1.1440157988568487
1.1475395745697985
1.1455382808332442
1.1424340571643197
1.1446351127824888
1.1450351642447474
1.1474353422443548
1.143260652149792
1.1447522211895618
