1.1314341309413605
1.1314072616423703
1.1314106189726654
1.1314212466266254
1.1314088838218601
1.131408099829693
1.1314232858702025
1.131423001761951
1.1314139169053912
1.1314377311758541
1.1314125865527387
1.131416816815176
1.1314298756190566
1.1314177546704811
1.1314163871619465
1.1314319885927646
1.1314189233246854
1.1314121317578452
1.1314248615712406
1.131406751410165
1.1314160300372091
1.1314140743466536
1.1313982816595232
1.1314043761208548
1.131418644672377
1.1314234024550143
1.1314263251246406
1.1314174597687214
1.1314064542584095
1.1314095928367844
1.1314135218677228
1.1314172873002029
1.1314057801981692
1.1314020225529935
1.1314070233541353
1.1314082064560984
1.1314258119890832
1.131432662083181
1.131420310513393
1.1314248818918073
1.1314173849519134
1.1314210891460383
1.1314322755286106
1.131423260462521
1.131402979619204
1.1314184024212908
1.1314028686141733
1.131404112831699
1.1314176289271474
1.1314093355760952
1.1314282741766535
1.1314186366603203
1.1314215080764316
1.1314130135714626
1.1314264623190107
1.1314140967040829
1.1313942093721783
1.1314203764416988
1.1314265557908598
1.1314244507435829
1.1314086029859556
1.1314331759603435
1.1313986449433449
1.1314244221870755
1.1314124976513271
1.131415338377183
1.1314162820370206
1.131406911483334
1.1314025552358349
1.131424896569418
1.1313877832571344
1.1314199971152787
1.131407787659562
1.131418357840185
1.1314219319354493
1.1314192023929126
1.1314155369256558
1.131433555232786
1.1314081591099427
1.131439963522226
1.1314275492368455
1.1314222896824024
1.1314182720444304
1.131429911338753
1.1314314315061984
1.1314508141467656
1.131406374317078
1.131410351866553
1.131419342355973
1.1314146667668383
1.1314207887622654
1.131408595617064
1.1314193589399757
1.1314289559950732
1.1314330343589902
1.1314123920397918
1.131420908618212
1.131423821106783
1.1314019399261237
1.1314414345134356
