1.144111830607744
1.1449814356158252
1.1453493256232579
1.144967616413826
1.1472495810446484
1.1453557489055544
1.1451245286355887
1.1458349021724856
1.1449394557758854
1.148399312857966
1.1445392009949802
1.1463348605779586
1.1455358738501906
1.1449947557905293
1.1445736529119273
1.145988471678844
1.145225354529303
1.146429719955448
1.1490341989304218
1.1452868185376452
1.1452418517616576
1.1446605340146943
1.1470074826504475
1.145705948988266
1.1453815273916643
1.1449977876074748
1.1470538191970274
1.1459219283417423
1.1458963372011346
1.1458709367428204
1.1448694378001907
1.1436864021576314
1.1449546117744747
1.1476010604886393
1.1455866408871915
1.1446502425854195
1.1459112383427708
1.1492780368002884
1.1446761332286364
1.145959069009631
1.1452139553602472
1.1445807961168133
1.1490391154697965
1.1439817773993604
1.147641464952335
1.1453180732859178
1.1434092256415043
1.1446986078488846
1.1451269213534399
1.144812880328105
1.147647377120351
1.1456585627847609
1.1456961405280983
1.1436279159448763
1.1450415578384858
1.1457347537340854
1.1483205656912139
1.1468099385369719
1.1433095959028088
1.146391932292832
1.1445588730905627
1.146012437425561
1.1445798142746404
1.144080430435626
1.1468943370258569
1.1473768104758997
1.1467402658137282
1.1481349368008502
1.1434149100158228
1.1420360930040199
1.1439168500107504
1.1448545851215246
1.1427597822442264
1.1455194076123936
1.1477432647794001
1.1457934856741545
1.144452129205111
1.1464763753690375
1.1469026352767064
1.1428468157020053
1.1495939370377126
1.14812388192862
1.1475864014478319
1.145915891253855
1.1434830400271183
1.1444050037562206
1.1463258512008478
1.1451915869026312
1.1445109327770466
1.14635712680003
1.1448165908020551
1.1422241354735891
1.144440441955945
1.1451102576252308
1.1458050360185286
1.144132924633243
1.1444118060942805
1.146328700781332
1.1454301740535109
1.143695497914803
