16 1.1430899946255235
16 1.1469847303707943
17 1.1420697821628727
17 1.1402216949127637
15 1.1358553948979335
16 1.1436354302662444
17 1.1383330250143007
15 1.1454015138504037
17 1.1373150694924619
16 1.1428818100702776
17 1.1395808477685305
16 1.1449256961915282
18 1.1360986857338073
16 1.1375658523866172
16 1.1391098886974103
17 1.1424968540034752
17 1.1356560665973734
16 1.1382413559332132
15 1.1402203402268547
16 1.1415714159565313
17 1.13818831493206
15 1.1361282962321473
16 1.1447943434745564
16 1.14329558819172
18 1.141647827233769
17 1.1397881811175241
15 1.1387527401617905
16 1.1372381414962403
16 1.1339584940924488
17 1.1406784417133322
17 1.1441489823267113
16 1.1424109917809615
16 1.1368598781072468
17 1.1379891042125903
15 1.139432513718863
17 1.1452717876691771
17 1.1391567082972893
17 1.1459008845905412
18 1.1444113186678848
17 1.1408935836108745
17 1.1425095456318766
16 1.1476127079616283
16 1.1437443891208952
15 1.1405952253305753
16 1.1432723618231764
17 1.137062737851221
16 1.1399046370028285
18 1.1395519369805334
17 1.1367014611111668
17 1.1393101538179031
