15 1.1314583188958913
15 1.1314537957893667
16 1.131458051642553
16 1.1314231736903617
16 1.1314307426728434
17 1.131512619546276
17 1.1314697750983205
17 1.1314306683194506
16 1.131467604619278
16 1.1314903176619395
16 1.1314617326708964
16 1.1314439461730923
16 1.1314407553706851
17 1.1314422540769045
17 1.1315117354801225
16 1.13145851555168
17 1.1314553735266124
15 1.1314014872780196
17 1.1314520516205298
17 1.1314734161401423
16 1.131409744359808
16 1.131437704435392
15 1.1314633144478394
16 1.1314076486667866
15 1.131414915621406
16 1.1314110802954407
16 1.1314427975143695
17 1.131530303715721
16 1.1314297653976608
15 1.131451740480012
17 1.1314999999672406
17 1.1314360966048778
16 1.1314614309823174
16 1.131485864274845
18 1.1314515443348847
16 1.1314467585060606
15 1.1314249744822011
17 1.1314793246881518
17 1.1314517701236662
16 1.1314621354881131
18 1.131410278083883
17 1.1315236067603496
16 1.1314790249014157
18 1.1314717023065963
16 1.131458346368333
17 1.1314891001838225
17 1.1314698298184416
17 1.1314920483121627
18 1.1315187148262815
16 1.1314662653235852
