1.1313812380593407 24
1.1313989490377425 24
1.1313940772876245 23
1.131407244087193 24
1.1314147928204026 21
1.1314140756275013 23
1.1313857336917597 25
1.1313835287099272 24
1.1314033360681155 26
1.1313983347629462 23
1.1314458822438311 25
1.1314006120798177 26
1.1313884037300455 24
1.131403256966917 26
1.131398491247313 26
1.131391633965002 26
1.1314032134606036 22
1.1314268675323709 25
1.1314202489846132 24
1.1313873660268747 24
1.1314142809774281 24
1.1313808252500728 26
1.1314074383944648 26
1.1314266823922339 23
1.1313874606842433 25
1.1313882959435515 25
1.1313965908949373 26
1.131386401512973 27
1.1314286433356664 24
1.1314063553066749 24
1.13139189076223 24
1.1313972539648036 25
1.1314055889624972 25
1.1313910237274138 24
1.1314010909860293 24
1.1314019837350315 23
1.1314139773295775 23
1.1313948034290084 25
1.1313878376771689 25
1.131404414374651 23
1.1313883896006025 23
1.131400864989819 28
1.1314014449525582 24
1.131403194510443 25
1.13138810640695 23
1.1313835467920998 22
1.1313822410715537 26
1.131414977886305 24
1.1314070836882597 22
1.1313810048398696 25
1.1314477730424333 24
1.1313997517593144 24
1.1314240019825978 24
1.1314111158672353 25
1.1314037699118624 22
1.1314258128665222 23
1.1314027847291452 23
1.1314722382421805 25
1.1314004482064124 25
1.1314021427896759 26
1.1313982445594548 23
1.1314206848803927 24
1.1313949216254569 24
1.1314118887858227 26
1.131400091711772 23
1.131395121378287 22
1.1314068125167205 23
1.131393040142324 25
1.131411126872859 25
1.131387701020877 26
1.131398611956827 24
1.1313936229004673 24
1.131412643476524 24
1.1314110030249098 25
1.131382408624785 25
1.1313876618433139 25
1.1313940734615346 24
1.131408534456544 24
1.1313960548865396 26
1.1313999490487638 23
1.1313892208143392 25
1.131392876612799 23
1.131387218739711 22
1.1314070878165459 26
1.1313929566476446 26
1.1314286690037978 25
1.131425862222667 27
1.13138907979918 25
1.1313939777001938 27
1.131444689044929 24
1.1313980229082785 23
1.1313995954119414 25
1.1313845163589453 25
1.1314004726610936 25
1.1314210254609134 24
1.131421225852426 26
1.1313896263116445 26
1.1313985686939643 24
1.1313904419789609 23
1.1314074457653764 25
