1.1313792851064846 25
1.1313917843857981 24
1.1314089840756762 25
1.1314183009612615 23
1.1313889846739866 24
1.1313986616207505 24
1.1313988985046428 24
1.1314014144114297 26
1.1313965466667613 27
1.1314176720847622 24
1.1313860528490136 24
1.1313963930520174 25
1.1313951464193004 25
1.1313951083642153 23
1.1314249133797611 25
1.1314180552376043 24
1.1313930314191285 25
1.1314148299668447 25
1.1313863483223776 24
1.1314046235202195 26
1.1314112845254714 27
1.1314125148670078 25
1.1314351276683274 24
1.1313967437919434 23
1.131406755815613 25
1.131395039425231 24
1.1314242871958242 26
1.1313858693929832 22
1.1313942271975475 24
1.1314130432668288 23
1.1313968921678457 22
1.1313992969410014 27
1.1314307465091835 22
1.131401365863113 22
1.1313918531157268 24
1.1314023602441607 24
1.1313917554502066 23
1.1314300407978621 24
1.1313964080822934 28
1.1314119578550128 24
1.131389798673878 24
1.1313892217222454 23
1.1314015828981523 24
1.131426999221691 22
1.131403763301473 22
1.1314080361796481 26
1.131388307247292 25
1.131392758930838 26
1.1314029144684985 24
1.1314238786007513 25
1.1313923948965001 27
1.131379387698178 24
1.131403045298345 23
1.1314379204467544 25
1.1314153693365374 25
1.1313941800909855 24
1.1314013476369165 23
1.1313925990270213 26
1.131415744368755 25
1.131427346832118 26
1.1313999646531676 25
1.1314104306399506 23
1.1313930788308515 22
1.131403933811405 24
1.1313810634019217 23
1.13141938292063 24
1.1313979963122962 25
1.1314067153884515 24
1.1313904428382393 23
1.1313813214246609 25
1.1313889904161287 24
1.131394748721965 24
1.1314027097816897 23
1.1314025464056843 26
1.1314153183765792 25
1.1314003888859883 24
1.131409671657431 25
1.1313816446253147 22
1.1314001952788344 23
1.131395728842163 22
1.1314231065806633 24
1.1313939398220214 24
1.1313981939932363 27
1.1314004103798956 24
1.1313868061019665 24
1.1313848750403277 24
1.1314183718744815 23
1.131427818540382 26
1.1314049137643098 25
1.1313867047085244 25
1.1313834211332865 23
1.131381251666538 23
1.1313978951977803 24
1.131404182902927 26
1.1314231949793245 25
1.1313857033489985 25
1.1313929097351194 26
1.1313886973623972 23
1.1313853370590565 25
1.1314596082073567 23
