1.1313902423020699 23
1.1314054132347227 23
1.131391215506549 27
1.1313916283290781 28
1.1314260829527614 22
1.1314014941588464 22
1.1314230950051607 24
1.1313793685930917 23
1.1314073051266476 22
1.1314678957466 24
1.1314147190620458 25
1.1314121911794663 24
1.1314118972484017 23
1.1313891933950058 26
1.1313905054921947 23
1.131396005213715 23
1.131386580486443 24
1.131391686545775 23
1.131391386306989 22
1.1313990675864367 26
1.131395634122131 22
1.131414023609256 25
1.131444530876809 27
1.1313895190666514 25
1.131390121451259 24
1.131389160258812 24
1.1314398178186473 25
1.1314080303689416 24
1.1313871189823508 22
1.131399794890164 25
1.1314570904861794 25
1.1314092780996108 23
1.131391088797311 23
1.1313940130609645 24
1.131400153786062 25
1.1313920276867147 24
1.1313897904948864 27
1.1313989424712434 24
1.131392466166492 23
1.1313917930927837 24
1.1314022011130527 25
1.1313889602037563 25
1.1314158397177505 22
1.1313813970783086 28
1.1314024963256908 23
1.1314120124927816 22
1.131390674651114 25
1.131405279959341 27
1.1313962453396489 24
1.131401678035462 25
1.1313910453923783 26
1.131390387758699 25
1.1314300892299136 24
1.1313840863948608 26
1.131397308610078 23
1.1313928325088392 23
1.1313960384222095 24
1.1314002630044537 25
1.131402411374503 26
1.1314325073857998 26
1.1314118389035523 24
1.1313924172935934 26
1.1313906986210114 23
1.1313783441470808 24
1.1313945541743622 23
1.1313900585228602 23
1.13139104856937 26
1.1314098652832534 26
1.1313992378537545 24
1.131424004342975 24
1.1314036851792124 25
1.1314002141608188 22
1.1313887580692001 25
1.1313887319958393 24
1.131404900331499 22
1.1314025336792706 23
1.1314187401128437 22
1.1314060870550213 23
1.1313942508917636 23
1.1314267588953435 26
1.131388229043352 23
1.1313997341037447 25
1.1313895644778629 23
1.1314151526344927 25
1.1313857925856599 24
1.1314170376616959 24
1.1313912962777337 25
1.1314056991880268 25
1.1314086286205296 26
1.1313980839053928 25
1.131388710220375 24
1.1313961319535233 22
1.13142765014083 22
1.1313976405822799 24
1.1313960497177116 23
1.131405589718878 21
1.1314203081388499 26
1.131411912472044 26
1.1313960296147438 26
1.1314064180071985 24
