1.1313964690166785 23
1.1314022267922839 26
1.1314032168748587 24
1.1313973153413113 27
1.1313901301400422 25
1.1314175339808359 27
1.1313971508981593 23
1.1314016207737225 25
1.1313889998235729 25
1.1313825213716497 23
1.1313903578013473 26
1.1313975018191336 23
1.1313996844277923 26
1.1314054644446554 25
1.1313990849959488 26
1.1314170391080678 23
1.131389094828525 24
1.1314132727118136 22
1.1314234237787775 25
1.131400511443979 26
1.1314653932133292 23
1.1314065724258922 23
1.1314125100315446 23
1.1314162971292716 25
1.1314132756154183 25
1.1314010650299662 25
1.1314104738795603 26
1.131391614314277 23
1.1314048494175857 24
1.1313881651756434 26
1.1313932052543798 22
1.131406269994984 24
1.1314028020375326 21
1.1313934976506825 26
1.1314002503498537 24
1.13138821737183 24
1.131403207539827 25
1.13139628565029 26
1.1313965491485012 25
1.1314288001588606 22
1.131402289799465 26
1.1314060906617938 25
1.1314001729753924 25
1.131394269996666 24
1.1313899723811502 24
1.131383811732268 22
1.1314093911943606 24
1.1314093243741599 22
1.1313972517023818 24
1.1314269672299075 24
1.1314012156768742 24
1.131420227257846 25
1.1314410456534278 23
1.131434002432419 25
1.131449439872363 23
1.1314006919190114 23
1.1313915882327803 25
1.131449531568397 26
1.1313961579852023 26
1.1314047145354882 24
1.1313994662119204 24
1.131392839684748 25
1.1314054004187684 23
1.131405033603098 26
1.1314235938132449 25
1.1314240361634273 27
1.1314121167088835 22
1.1314038544078537 21
1.1313984431548172 25
1.1314003211915433 25
1.1313900202645617 27
1.1313830049639937 23
1.1314407771110369 24
1.131389251955884 24
1.1314008259853117 23
1.131413372248013 23
1.1314778815411295 26
1.1313894682519334 24
1.131388619890689 24
1.1314029879325904 23
1.13140587524495 25
1.1314301878287822 25
1.131386673434573 24
1.131390285253869 24
1.1313990121187227 25
1.1314355193778816 23
1.1314112549776727 23
1.1313910578903907 28
1.131391880491625 25
1.1313908096735839 25
1.1314082173146598 23
1.131397471097998 24
1.1314319259271328 25
1.1313889943714768 22
1.1313863773039152 24
1.1314082341643001 23
1.1313887819475201 24
1.131389006462743 25
1.1314214980210413 26
1.1314088265121123 21
